lib/modules/compliance/checker.ts(73,19): error TS7006: Parameter 'loop' implicitly has an 'any' type.
lib/modules/content/analytics/campaign-analytics.ts(66,6): error TS7006: Parameter 'acc' implicitly has an 'any' type.
lib/modules/content/analytics/campaign-analytics.ts(66,11): error TS7006: Parameter 'campaign' implicitly has an 'any' type.
lib/modules/content/analytics/campaign-analytics.ts(134,6): error TS7006: Parameter 'acc' implicitly has an 'any' type.
lib/modules/content/analytics/campaign-analytics.ts(134,11): error TS7006: Parameter 'email' implicitly has an 'any' type.
lib/modules/content/analytics/campaign-analytics.ts(232,43): error TS7006: Parameter 'campaign' implicitly has an 'any' type.
lib/modules/content/analytics/campaign-analytics.ts(244,26): error TS7006: Parameter 'a' implicitly has an 'any' type.
lib/modules/content/analytics/campaign-analytics.ts(244,29): error TS7006: Parameter 'b' implicitly has an 'any' type.
lib/modules/content/analytics/content-analytics.ts(120,38): error TS7006: Parameter 'sum' implicitly has an 'any' type.
lib/modules/content/analytics/content-analytics.ts(120,43): error TS7006: Parameter 'item' implicitly has an 'any' type.
lib/modules/content/analytics/content-analytics.ts(121,39): error TS7006: Parameter 'sum' implicitly has an 'any' type.
lib/modules/content/analytics/content-analytics.ts(121,44): error TS7006: Parameter 'item' implicitly has an 'any' type.
lib/modules/content/analytics/content-analytics.ts(122,38): error TS7006: Parameter 'sum' implicitly has an 'any' type.
lib/modules/content/analytics/content-analytics.ts(122,43): error TS7006: Parameter 'item' implicitly has an 'any' type.
lib/modules/content/analytics/content-analytics.ts(123,41): error TS7006: Parameter 'sum' implicitly has an 'any' type.
lib/modules/content/analytics/content-analytics.ts(123,46): error TS7006: Parameter 'item' implicitly has an 'any' type.
lib/modules/content/analytics/content-analytics.ts(272,29): error TS7006: Parameter 'item' implicitly has an 'any' type.
lib/modules/content/media/queries.ts(183,20): error TS7006: Parameter 'folder' implicitly has an 'any' type.
lib/modules/content/media/queries.ts(188,20): error TS7006: Parameter 'folder' implicitly has an 'any' type.
lib/modules/crm/core/actions.ts(53,36): error TS7006: Parameter 'org' implicitly has an 'any' type.
lib/modules/crm/core/actions.ts(71,6): error TS7006: Parameter 'm' implicitly has an 'any' type.
lib/modules/crm/core/actions.ts(171,36): error TS7006: Parameter 'org' implicitly has an 'any' type.
lib/modules/crm/core/actions.ts(189,6): error TS7006: Parameter 'm' implicitly has an 'any' type.
lib/modules/crm/core/actions.ts(289,36): error TS7006: Parameter 'org' implicitly has an 'any' type.
lib/modules/crm/core/actions.ts(307,6): error TS7006: Parameter 'm' implicitly has an 'any' type.
lib/modules/crm/deals/queries/pipeline.ts(78,44): error TS7006: Parameter 'sum' implicitly has an 'any' type.
lib/modules/crm/deals/queries/pipeline.ts(78,49): error TS7006: Parameter 'deal' implicitly has an 'any' type.
lib/modules/crm/leads/queries.ts(133,9): error TS7053: Element implicitly has an 'any' type because expression of type 'any' can't be used to index type 'leadsOrderByWithRelationInput'.
lib/modules/marketplace/cart/actions.ts(272,29): error TS7006: Parameter 'toolId' implicitly has an 'any' type.
lib/modules/marketplace/queries.ts(108,7): error TS7053: Element implicitly has an 'any' type because expression of type 'any' can't be used to index type 'marketplace_toolsOrderByWithRelationInput'.
lib/modules/projects/actions.ts(20,36): error TS7006: Parameter 'org' implicitly has an 'any' type.
lib/modules/projects/actions.ts(84,36): error TS7006: Parameter 'org' implicitly has an 'any' type.
lib/modules/projects/actions.ts(144,36): error TS7006: Parameter 'org' implicitly has an 'any' type.
lib/modules/reid/ai/actions.ts(121,37): error TS7006: Parameter 'i' implicitly has an 'any' type.
lib/modules/reid/ai/actions.ts(122,53): error TS7006: Parameter 'code' implicitly has an 'any' type.
lib/modules/reid/ai/actions.ts(131,25): error TS7006: Parameter 'i' implicitly has an 'any' type.
lib/modules/reid/ai/actions.ts(213,25): error TS7006: Parameter 'i' implicitly has an 'any' type.
lib/modules/reid/ai/profile-generator.ts(103,15): error TS7006: Parameter 'line' implicitly has an 'any' type.
lib/modules/reid/alerts/queries.ts(98,39): error TS7006: Parameter 'a' implicitly has an 'any' type.
lib/modules/settings/organization/queries.ts(37,23): error TS7006: Parameter 'member' implicitly has an 'any' type.
lib/modules/tasks/actions.ts(33,36): error TS7006: Parameter 'org' implicitly has an 'any' type.
lib/modules/tasks/actions.ts(113,6): error TS7006: Parameter 'org' implicitly has an 'any' type.
lib/modules/tasks/actions.ts(194,6): error TS7006: Parameter 'org' implicitly has an 'any' type.
lib/modules/tasks/actions.ts(253,6): error TS7006: Parameter 'org' implicitly has an 'any' type.
lib/modules/tasks/actions.ts(314,6): error TS7006: Parameter 'org' implicitly has an 'any' type.
lib/modules/tasks/bulk-actions.ts(295,34): error TS7006: Parameter 't' implicitly has an 'any' type.
lib/modules/transactions/activity/queries.ts(265,24): error TS7006: Parameter 'd' implicitly has an 'any' type.
lib/modules/transactions/activity/queries.ts(281,22): error TS7006: Parameter 'p' implicitly has an 'any' type.
lib/modules/transactions/activity/queries.ts(297,20): error TS7006: Parameter 't' implicitly has an 'any' type.
lib/modules/transactions/activity/queries.ts(313,25): error TS7006: Parameter 's' implicitly has an 'any' type.
lib/modules/transactions/analytics/queries.ts(159,56): error TS7006: Parameter 'sum' implicitly has an 'any' type.
lib/modules/transactions/analytics/queries.ts(159,61): error TS7006: Parameter 'loop' implicitly has an 'any' type.
lib/modules/transactions/analytics/queries.ts(212,37): error TS7006: Parameter 'acc' implicitly has an 'any' type.
lib/modules/transactions/analytics/queries.ts(212,42): error TS7006: Parameter 'loop' implicitly has an 'any' type.
lib/modules/transactions/analytics/queries.ts(247,25): error TS7006: Parameter 'item' implicitly has an 'any' type.
lib/modules/transactions/analytics/queries.ts(270,25): error TS7006: Parameter 'item' implicitly has an 'any' type.
lib/modules/transactions/documents/queries.ts(317,21): error TS7006: Parameter 'doc' implicitly has an 'any' type.
lib/modules/transactions/milestones/calculator.ts(64,5): error TS7006: Parameter 't' implicitly has an 'any' type.
lib/modules/transactions/milestones/calculator.ts(82,7): error TS7006: Parameter 's' implicitly has an 'any' type.
lib/modules/transactions/signatures/actions.ts(179,54): error TS7006: Parameter 'signature' implicitly has an 'any' type.
lib/modules/transactions/signatures/actions.ts(357,42): error TS7006: Parameter 'sig' implicitly has an 'any' type.
lib/modules/transactions/signatures/queries.ts(182,25): error TS7006: Parameter 'request' implicitly has an 'any' type.
lib/modules/transactions/signatures/queries.ts(192,31): error TS7006: Parameter 'stat' implicitly has an 'any' type.
lib/modules/transactions/signatures/queries.ts(408,25): error TS7006: Parameter 'stat' implicitly has an 'any' type.
lib/modules/transactions/signatures/queries.ts(413,46): error TS7006: Parameter 'sum' implicitly has an 'any' type.
lib/modules/transactions/signatures/queries.ts(413,51): error TS7006: Parameter 'stat' implicitly has an 'any' type.
lib/modules/transactions/workflows/actions.ts(36,39): error TS7006: Parameter 's' implicitly has an 'any' type.
lib/modules/transactions/workflows/actions.ts(176,39): error TS7006: Parameter 'p' implicitly has an 'any' type.
lib/modules/transactions/workflows/actions.ts(289,41): error TS7006: Parameter 's' implicitly has an 'any' type.
scripts/test-notifications.ts(84,21): error TS7006: Parameter 'n' implicitly has an 'any' type.
scripts/test-notifications.ts(84,24): error TS7006: Parameter 'i' implicitly has an 'any' type.
scripts/test-rls.ts(68,55): error TS7006: Parameter 'c' implicitly has an 'any' type.
scripts/test-rls.ts(69,42): error TS7006: Parameter 'c' implicitly has an 'any' type.
scripts/test-rls.ts(96,53): error TS7006: Parameter 'p' implicitly has an 'any' type.
scripts/test-rls.ts(97,48): error TS7006: Parameter 'p' implicitly has an 'any' type.
scripts/test-rls.ts(113,34): error TS7006: Parameter 'p' implicitly has an 'any' type.
scripts/test-rls.ts(121,34): error TS7006: Parameter 'p' implicitly has an 'any' type.
scripts/test-rls.ts(129,49): error TS7006: Parameter 't' implicitly has an 'any' type.
scripts/test-rls.ts(130,44): error TS7006: Parameter 't' implicitly has an 'any' type.
scripts/test-rls.ts(159,61): error TS7006: Parameter 'n' implicitly has an 'any' type.
scripts/test-rls.ts(160,55): error TS7006: Parameter 'n' implicitly has an 'any' type.
scripts/test-rls.ts(191,53): error TS7006: Parameter 'c' implicitly has an 'any' type.
scripts/test-rls.ts(192,47): error TS7006: Parameter 'c' implicitly has an 'any' type.
