__tests__/api/v1/reid/alerts.test.ts(6,15): error TS2305: Module '"@/app/api/v1/reid/alerts/route"' has no exported member 'POST'.
__tests__/api/v1/reid/alerts.test.ts(43,25): error TS2339: Property 'mockResolvedValue' does not exist on type '() => Promise<any>'.
__tests__/api/v1/reid/alerts.test.ts(55,25): error TS2339: Property 'mockResolvedValue' does not exist on type '() => Promise<any>'.
__tests__/api/v1/reid/alerts.test.ts(71,25): error TS2339: Property 'mockResolvedValue' does not exist on type '() => Promise<any>'.
__tests__/api/v1/reid/alerts.test.ts(87,25): error TS2339: Property 'mockRejectedValue' does not exist on type '() => Promise<any>'.
__tests__/api/v1/reid/alerts.test.ts(98,25): error TS2339: Property 'mockRejectedValue' does not exist on type '() => Promise<any>'.
__tests__/api/v1/reid/alerts.test.ts(120,27): error TS2339: Property 'mockResolvedValue' does not exist on type '(input: { name: string; frequency: "MONTHLY" | "IMMEDIATE" | "DAILY" | "WEEKLY"; alertType: "PRICE_DROP" | "NEW_LISTING" | "SOLD" | "PRICE_INCREASE" | "INVENTORY_CHANGE" | "MARKET_TREND" | "DEMOGRAPHIC_CHANGE"; ... 9 more ...; radius?: number | undefined; }) => Promise<...>'.
__tests__/api/v1/reid/alerts.test.ts(165,27): error TS2339: Property 'mockRejectedValue' does not exist on type '(input: { name: string; frequency: "MONTHLY" | "IMMEDIATE" | "DAILY" | "WEEKLY"; alertType: "PRICE_DROP" | "NEW_LISTING" | "SOLD" | "PRICE_INCREASE" | "INVENTORY_CHANGE" | "MARKET_TREND" | "DEMOGRAPHIC_CHANGE"; ... 9 more ...; radius?: number | undefined; }) => Promise<...>'.
__tests__/api/v1/reid/alerts.test.ts(191,27): error TS2339: Property 'mockResolvedValue' does not exist on type '(input: { name: string; frequency: "MONTHLY" | "IMMEDIATE" | "DAILY" | "WEEKLY"; alertType: "PRICE_DROP" | "NEW_LISTING" | "SOLD" | "PRICE_INCREASE" | "INVENTORY_CHANGE" | "MARKET_TREND" | "DEMOGRAPHIC_CHANGE"; ... 9 more ...; radius?: number | undefined; }) => Promise<...>'.
__tests__/api/v1/reid/alerts.test.ts(213,27): error TS2339: Property 'mockRejectedValue' does not exist on type '(input: { name: string; frequency: "MONTHLY" | "IMMEDIATE" | "DAILY" | "WEEKLY"; alertType: "PRICE_DROP" | "NEW_LISTING" | "SOLD" | "PRICE_INCREASE" | "INVENTORY_CHANGE" | "MARKET_TREND" | "DEMOGRAPHIC_CHANGE"; ... 9 more ...; radius?: number | undefined; }) => Promise<...>'.
__tests__/api/v1/reid/insights.test.ts(42,31): error TS2339: Property 'mockResolvedValue' does not exist on type '(filters?: { areaCodes?: string[] | undefined; areaType?: "ZIP" | "SCHOOL_DISTRICT" | "NEIGHBORHOOD" | "COUNTY" | "MSA" | undefined; minPrice?: number | undefined; maxPrice?: number | undefined; minWalkScore?: number | undefined; minSchoolRating?: number | undefined; } | undefined) => Promise<...>'.
__tests__/api/v1/reid/insights.test.ts(55,31): error TS2339: Property 'mockResolvedValue' does not exist on type '(filters?: { areaCodes?: string[] | undefined; areaType?: "ZIP" | "SCHOOL_DISTRICT" | "NEIGHBORHOOD" | "COUNTY" | "MSA" | undefined; minPrice?: number | undefined; maxPrice?: number | undefined; minWalkScore?: number | undefined; minSchoolRating?: number | undefined; } | undefined) => Promise<...>'.
__tests__/api/v1/reid/insights.test.ts(73,31): error TS2339: Property 'mockResolvedValue' does not exist on type '(filters?: { areaCodes?: string[] | undefined; areaType?: "ZIP" | "SCHOOL_DISTRICT" | "NEIGHBORHOOD" | "COUNTY" | "MSA" | undefined; minPrice?: number | undefined; maxPrice?: number | undefined; minWalkScore?: number | undefined; minSchoolRating?: number | undefined; } | undefined) => Promise<...>'.
__tests__/api/v1/reid/insights.test.ts(113,31): error TS2339: Property 'mockResolvedValue' does not exist on type '(filters?: { areaCodes?: string[] | undefined; areaType?: "ZIP" | "SCHOOL_DISTRICT" | "NEIGHBORHOOD" | "COUNTY" | "MSA" | undefined; minPrice?: number | undefined; maxPrice?: number | undefined; minWalkScore?: number | undefined; minSchoolRating?: number | undefined; } | undefined) => Promise<...>'.
__tests__/api/v1/reid/insights.test.ts(124,31): error TS2339: Property 'mockRejectedValue' does not exist on type '(filters?: { areaCodes?: string[] | undefined; areaType?: "ZIP" | "SCHOOL_DISTRICT" | "NEIGHBORHOOD" | "COUNTY" | "MSA" | undefined; minPrice?: number | undefined; maxPrice?: number | undefined; minWalkScore?: number | undefined; minSchoolRating?: number | undefined; } | undefined) => Promise<...>'.
__tests__/api/v1/reid/insights.test.ts(135,31): error TS2339: Property 'mockRejectedValue' does not exist on type '(filters?: { areaCodes?: string[] | undefined; areaType?: "ZIP" | "SCHOOL_DISTRICT" | "NEIGHBORHOOD" | "COUNTY" | "MSA" | undefined; minPrice?: number | undefined; maxPrice?: number | undefined; minWalkScore?: number | undefined; minSchoolRating?: number | undefined; } | undefined) => Promise<...>'.
__tests__/api/v1/reid/insights.test.ts(148,31): error TS2339: Property 'mockResolvedValue' does not exist on type '(filters?: { areaCodes?: string[] | undefined; areaType?: "ZIP" | "SCHOOL_DISTRICT" | "NEIGHBORHOOD" | "COUNTY" | "MSA" | undefined; minPrice?: number | undefined; maxPrice?: number | undefined; minWalkScore?: number | undefined; minSchoolRating?: number | undefined; } | undefined) => Promise<...>'.
__tests__/api/v1/reid/insights.test.ts(164,31): error TS2339: Property 'mockResolvedValue' does not exist on type '(filters?: { areaCodes?: string[] | undefined; areaType?: "ZIP" | "SCHOOL_DISTRICT" | "NEIGHBORHOOD" | "COUNTY" | "MSA" | undefined; minPrice?: number | undefined; maxPrice?: number | undefined; minWalkScore?: number | undefined; minSchoolRating?: number | undefined; } | undefined) => Promise<...>'.
__tests__/api/v1/reid/insights.test.ts(184,31): error TS2339: Property 'mockResolvedValue' does not exist on type '(filters?: { areaCodes?: string[] | undefined; areaType?: "ZIP" | "SCHOOL_DISTRICT" | "NEIGHBORHOOD" | "COUNTY" | "MSA" | undefined; minPrice?: number | undefined; maxPrice?: number | undefined; minWalkScore?: number | undefined; minSchoolRating?: number | undefined; } | undefined) => Promise<...>'.
__tests__/components/real-estate/expense-tax/ExpenseKPIs.test.tsx(9,29): error TS2307: Cannot find module '@/components/real-estate/expense-tax/expense-tax-dashboard/ExpenseKPIs' or its corresponding type declarations.
__tests__/components/shared/navigation/sidebar-nav.test.tsx(2,45): error TS2307: Cannot find module '@/components/shared/navigation/sidebar-nav' or its corresponding type declarations.
__tests__/components/shared/navigation/sidebar-nav.test.tsx(38,8): error TS7006: Parameter 'item' implicitly has an 'any' type.
__tests__/database/tenant-isolation.test.ts(46,26): error TS7006: Parameter 'customer' implicitly has an 'any' type.
__tests__/database/tenant-isolation.test.ts(164,30): error TS7006: Parameter 'notification' implicitly has an 'any' type.
__tests__/integration/crm-workflow.test.ts(319,11): error TS2322: Type '{ organization_id: string; email: string; }' is not assignable to type '(Without<customersCreateInput, customersUncheckedCreateInput> & customersUncheckedCreateInput) | (Without<...> & customersCreateInput)'.
  Type '{ organization_id: string; email: string; }' is not assignable to type 'Without<customersCreateInput, customersUncheckedCreateInput> & customersUncheckedCreateInput'.
    Property 'name' is missing in type '{ organization_id: string; email: string; }' but required in type 'customersUncheckedCreateInput'.
__tests__/integration/crm-workflow.test.ts(321,13): error TS2578: Unused '@ts-expect-error' directive.
__tests__/integration/expense-tax/expense-workflow.test.ts(478,25): error TS2367: This comparison appears to be unintentional because the types '"org-1"' and '"org-2"' have no overlap.
__tests__/lib/modules/content/analytics.test.ts(139,37): error TS7006: Parameter 'item' implicitly has an 'any' type.
__tests__/lib/modules/content/analytics.test.ts(538,24): error TS7006: Parameter 'content' implicitly has an 'any' type.
__tests__/lib/modules/content/analytics.test.ts(592,36): error TS7006: Parameter 'item' implicitly has an 'any' type.
__tests__/lib/modules/content/analytics.test.ts(593,35): error TS7006: Parameter 'item' implicitly has an 'any' type.
__tests__/lib/modules/content/queries.test.ts(215,25): error TS7006: Parameter 'item' implicitly has an 'any' type.
__tests__/lib/modules/content/queries.test.ts(233,24): error TS7006: Parameter 'item' implicitly has an 'any' type.
__tests__/lib/modules/reid/alerts.test.ts(42,44): error TS2345: Argument of type '{ id: string; organizationId: string; globalRole: string; organizationRole: string; subscriptionTier: string; }' is not assignable to parameter of type 'never'.
__tests__/lib/modules/reid/alerts.test.ts(79,48): error TS2345: Argument of type '{ name: string; alertType: "PRICE_DROP"; criteria: { threshold: number; }; areaCodes: string[]; frequency: "DAILY"; }' is not assignable to parameter of type '{ name: string; frequency: "MONTHLY" | "IMMEDIATE" | "DAILY" | "WEEKLY"; alertType: "PRICE_DROP" | "NEW_LISTING" | "SOLD" | "PRICE_INCREASE" | "INVENTORY_CHANGE" | "MARKET_TREND" | "DEMOGRAPHIC_CHANGE"; ... 9 more ...; radius?: number | undefined; }'.
  Type '{ name: string; alertType: "PRICE_DROP"; criteria: { threshold: number; }; areaCodes: string[]; frequency: "DAILY"; }' is missing the following properties from type '{ name: string; frequency: "MONTHLY" | "IMMEDIATE" | "DAILY" | "WEEKLY"; alertType: "PRICE_DROP" | "NEW_LISTING" | "SOLD" | "PRICE_INCREASE" | "INVENTORY_CHANGE" | "MARKET_TREND" | "DEMOGRAPHIC_CHANGE"; ... 9 more ...; radius?: number | undefined; }': emailEnabled, smsEnabled, isActive, organizationId
__tests__/lib/modules/reid/alerts.test.ts(114,21): error TS2339: Property 'mockReturnValue' does not exist on type '(user: { globalRole?: "USER" | "SUPER_ADMIN" | "ADMIN" | "MODERATOR" | undefined; role?: "USER" | "SUPER_ADMIN" | "ADMIN" | "MODERATOR" | undefined; organizationRole?: string | undefined; }) => boolean'.
__tests__/lib/modules/reid/alerts.test.ts(117,29): error TS2345: Argument of type '{ name: string; alertType: "PRICE_DROP"; criteria: {}; areaCodes: string[]; frequency: "DAILY"; }' is not assignable to parameter of type '{ name: string; frequency: "MONTHLY" | "IMMEDIATE" | "DAILY" | "WEEKLY"; alertType: "PRICE_DROP" | "NEW_LISTING" | "SOLD" | "PRICE_INCREASE" | "INVENTORY_CHANGE" | "MARKET_TREND" | "DEMOGRAPHIC_CHANGE"; ... 9 more ...; radius?: number | undefined; }'.
  Type '{ name: string; alertType: "PRICE_DROP"; criteria: {}; areaCodes: string[]; frequency: "DAILY"; }' is missing the following properties from type '{ name: string; frequency: "MONTHLY" | "IMMEDIATE" | "DAILY" | "WEEKLY"; alertType: "PRICE_DROP" | "NEW_LISTING" | "SOLD" | "PRICE_INCREASE" | "INVENTORY_CHANGE" | "MARKET_TREND" | "DEMOGRAPHIC_CHANGE"; ... 9 more ...; radius?: number | undefined; }': emailEnabled, smsEnabled, isActive, organizationId
__tests__/lib/modules/reid/alerts.test.ts(126,21): error TS2339: Property 'mockReturnValue' does not exist on type '(user: { globalRole?: "USER" | "SUPER_ADMIN" | "ADMIN" | "MODERATOR" | undefined; role?: "USER" | "SUPER_ADMIN" | "ADMIN" | "MODERATOR" | undefined; organizationRole?: string | undefined; }) => boolean'.
__tests__/lib/modules/reid/alerts.test.ts(136,33): error TS2345: Argument of type '{ name: string; alertType: "PRICE_DROP"; criteria: {}; areaCodes: string[]; frequency: "DAILY"; }' is not assignable to parameter of type '{ name: string; frequency: "MONTHLY" | "IMMEDIATE" | "DAILY" | "WEEKLY"; alertType: "PRICE_DROP" | "NEW_LISTING" | "SOLD" | "PRICE_INCREASE" | "INVENTORY_CHANGE" | "MARKET_TREND" | "DEMOGRAPHIC_CHANGE"; ... 9 more ...; radius?: number | undefined; }'.
  Type '{ name: string; alertType: "PRICE_DROP"; criteria: {}; areaCodes: string[]; frequency: "DAILY"; }' is missing the following properties from type '{ name: string; frequency: "MONTHLY" | "IMMEDIATE" | "DAILY" | "WEEKLY"; alertType: "PRICE_DROP" | "NEW_LISTING" | "SOLD" | "PRICE_INCREASE" | "INVENTORY_CHANGE" | "MARKET_TREND" | "DEMOGRAPHIC_CHANGE"; ... 9 more ...; radius?: number | undefined; }': emailEnabled, smsEnabled, isActive, organizationId
__tests__/lib/modules/reid/alerts.test.ts(194,19): error TS2339: Property 'mockResolvedValue' does not exist on type '() => Promise<EnhancedUser>'.
__tests__/lib/modules/reid/alerts.test.ts(342,31): error TS2554: Expected 0 arguments, but got 1.
__tests__/lib/modules/reid/alerts.test.ts(358,31): error TS2554: Expected 0 arguments, but got 1.
__tests__/lib/modules/reid/alerts.test.ts(372,21): error TS2339: Property 'mockReturnValue' does not exist on type '(user: { globalRole?: "USER" | "SUPER_ADMIN" | "ADMIN" | "MODERATOR" | undefined; role?: "USER" | "SUPER_ADMIN" | "ADMIN" | "MODERATOR" | undefined; organizationRole?: string | undefined; }) => boolean'.
__tests__/lib/modules/reid/alerts.test.ts(378,21): error TS2339: Property 'mockReturnValue' does not exist on type '(user: { globalRole?: "USER" | "SUPER_ADMIN" | "ADMIN" | "MODERATOR" | undefined; role?: "USER" | "SUPER_ADMIN" | "ADMIN" | "MODERATOR" | undefined; organizationRole?: string | undefined; }) => boolean'.
__tests__/lib/modules/reid/alerts.test.ts(385,19): error TS2339: Property 'mockResolvedValue' does not exist on type '() => Promise<EnhancedUser>'.
__tests__/lib/modules/reid/alerts.test.ts(398,59): error TS7006: Parameter 'args' implicitly has an 'any' type.
__tests__/lib/modules/reid/insights.test.ts(35,44): error TS2345: Argument of type '{ id: string; organizationId: string; globalRole: string; organizationRole: string; subscriptionTier: string; }' is not assignable to parameter of type 'never'.
__tests__/lib/modules/reid/insights.test.ts(75,54): error TS2345: Argument of type '{ areaCode: string; areaName: string; areaType: "ZIP"; medianPrice: number; daysOnMarket: number; inventory: number; }' is not assignable to parameter of type '{ organizationId: string; areaType: "ZIP" | "SCHOOL_DISTRICT" | "NEIGHBORHOOD" | "COUNTY" | "MSA"; areaCode: string; areaName: string; inventory?: number | undefined; demographics?: any; ... 24 more ...; dataQuality?: number | undefined; }'.
  Property 'organizationId' is missing in type '{ areaCode: string; areaName: string; areaType: "ZIP"; medianPrice: number; daysOnMarket: number; inventory: number; }' but required in type '{ organizationId: string; areaType: "ZIP" | "SCHOOL_DISTRICT" | "NEIGHBORHOOD" | "COUNTY" | "MSA"; areaCode: string; areaName: string; inventory?: number | undefined; demographics?: any; ... 24 more ...; dataQuality?: number | undefined; }'.
__tests__/lib/modules/reid/insights.test.ts(109,21): error TS2339: Property 'mockReturnValue' does not exist on type '(user: { globalRole?: "USER" | "SUPER_ADMIN" | "ADMIN" | "MODERATOR" | undefined; role?: "USER" | "SUPER_ADMIN" | "ADMIN" | "MODERATOR" | undefined; organizationRole?: string | undefined; }) => boolean'.
__tests__/lib/modules/reid/insights.test.ts(119,21): error TS2339: Property 'mockReturnValue' does not exist on type '(user: { globalRole?: "USER" | "SUPER_ADMIN" | "ADMIN" | "MODERATOR" | undefined; role?: "USER" | "SUPER_ADMIN" | "ADMIN" | "MODERATOR" | undefined; organizationRole?: string | undefined; }) => boolean'.
__tests__/lib/modules/reid/insights.test.ts(123,24): error TS2339: Property 'mockReturnValue' does not exist on type '(user: { subscriptionTier?: string | undefined; }, feature: string) => boolean'.
__tests__/lib/modules/reid/insights.test.ts(133,24): error TS2339: Property 'mockReturnValue' does not exist on type '(user: { subscriptionTier?: string | undefined; }, feature: string) => boolean'.
__tests__/lib/modules/reid/insights.test.ts(208,19): error TS2339: Property 'mockResolvedValue' does not exist on type '() => Promise<EnhancedUser>'.
__tests__/lib/modules/reid/insights.test.ts(259,21): error TS2339: Property 'mockReturnValue' does not exist on type '(user: { globalRole?: "USER" | "SUPER_ADMIN" | "ADMIN" | "MODERATOR" | undefined; role?: "USER" | "SUPER_ADMIN" | "ADMIN" | "MODERATOR" | undefined; organizationRole?: string | undefined; }) => boolean'.
__tests__/lib/modules/reid/insights.test.ts(265,21): error TS2339: Property 'mockReturnValue' does not exist on type '(user: { globalRole?: "USER" | "SUPER_ADMIN" | "ADMIN" | "MODERATOR" | undefined; role?: "USER" | "SUPER_ADMIN" | "ADMIN" | "MODERATOR" | undefined; organizationRole?: string | undefined; }) => boolean'.
__tests__/lib/modules/reid/insights.test.ts(343,21): error TS2339: Property 'mockReturnValue' does not exist on type '(user: { globalRole?: "USER" | "SUPER_ADMIN" | "ADMIN" | "MODERATOR" | undefined; role?: "USER" | "SUPER_ADMIN" | "ADMIN" | "MODERATOR" | undefined; organizationRole?: string | undefined; }) => boolean'.
__tests__/lib/modules/reid/insights.test.ts(349,21): error TS2339: Property 'mockReturnValue' does not exist on type '(user: { globalRole?: "USER" | "SUPER_ADMIN" | "ADMIN" | "MODERATOR" | undefined; role?: "USER" | "SUPER_ADMIN" | "ADMIN" | "MODERATOR" | undefined; organizationRole?: string | undefined; }) => boolean'.
__tests__/lib/modules/reid/insights.test.ts(356,19): error TS2339: Property 'mockResolvedValue' does not exist on type '() => Promise<EnhancedUser>'.
__tests__/lib/modules/reid/insights.test.ts(369,65): error TS7006: Parameter 'args' implicitly has an 'any' type.
__tests__/lib/modules/reid/reports.test.ts(18,10): error TS2305: Module '"@/lib/modules/reid/reports/generator"' has no exported member 'generateMarketAnalysis'.
__tests__/lib/modules/reid/reports.test.ts(35,44): error TS2345: Argument of type '{ id: string; organizationId: string; globalRole: string; organizationRole: string; subscriptionTier: string; }' is not assignable to parameter of type 'never'.
__tests__/lib/modules/reid/reports.test.ts(82,9): error TS2322: Type '"QUARTERLY"' is not assignable to type 'ReportType'.
__tests__/lib/modules/reid/reports.test.ts(113,21): error TS2339: Property 'mockReturnValue' does not exist on type '(user: { globalRole?: "USER" | "SUPER_ADMIN" | "ADMIN" | "MODERATOR" | undefined; role?: "USER" | "SUPER_ADMIN" | "ADMIN" | "MODERATOR" | undefined; organizationRole?: string | undefined; }) => boolean'.
__tests__/lib/modules/reid/reports.test.ts(118,11): error TS2322: Type '"QUARTERLY"' is not assignable to type 'ReportType'.
__tests__/lib/modules/reid/reports.test.ts(123,21): error TS2339: Property 'mockReturnValue' does not exist on type '(user: { globalRole?: "USER" | "SUPER_ADMIN" | "ADMIN" | "MODERATOR" | undefined; role?: "USER" | "SUPER_ADMIN" | "ADMIN" | "MODERATOR" | undefined; organizationRole?: string | undefined; }) => boolean'.
__tests__/lib/modules/reid/reports.test.ts(135,9): error TS2322: Type '"QUARTERLY"' is not assignable to type 'ReportType'.
__tests__/lib/modules/reid/reports.test.ts(152,9): error TS2322: Type '"QUARTERLY"' is not assignable to type 'ReportType'.
__tests__/lib/modules/reid/reports.test.ts(194,19): error TS2339: Property 'mockResolvedValue' does not exist on type '() => Promise<EnhancedUser>'.
__tests__/lib/modules/reid/reports.test.ts(231,9): error TS2322: Type '"QUARTERLY"' is not assignable to type 'ReportType | undefined'.
__tests__/lib/modules/reid/reports.test.ts(267,21): error TS2339: Property 'mockReturnValue' does not exist on type '(user: { globalRole?: "USER" | "SUPER_ADMIN" | "ADMIN" | "MODERATOR" | undefined; role?: "USER" | "SUPER_ADMIN" | "ADMIN" | "MODERATOR" | undefined; organizationRole?: string | undefined; }) => boolean'.
__tests__/lib/modules/reid/reports.test.ts(273,21): error TS2339: Property 'mockReturnValue' does not exist on type '(user: { globalRole?: "USER" | "SUPER_ADMIN" | "ADMIN" | "MODERATOR" | undefined; role?: "USER" | "SUPER_ADMIN" | "ADMIN" | "MODERATOR" | undefined; organizationRole?: string | undefined; }) => boolean'.
__tests__/lib/modules/reid/reports.test.ts(280,19): error TS2339: Property 'mockResolvedValue' does not exist on type '() => Promise<EnhancedUser>'.
__tests__/lib/modules/reid/reports.test.ts(293,58): error TS7006: Parameter 'args' implicitly has an 'any' type.
__tests__/modules/contacts/actions.test.ts(72,22): error TS2339: Property 'mockResolvedValue' does not exist on type '() => Promise<UserWithOrganization | null>'.
__tests__/modules/contacts/actions.test.ts(112,22): error TS2339: Property 'mockResolvedValue' does not exist on type '() => Promise<UserWithOrganization | null>'.
__tests__/modules/contacts/actions.test.ts(128,22): error TS2339: Property 'mockResolvedValue' does not exist on type '() => Promise<UserWithOrganization | null>'.
__tests__/modules/contacts/actions.test.ts(145,22): error TS2339: Property 'mockResolvedValue' does not exist on type '() => Promise<UserWithOrganization | null>'.
__tests__/modules/contacts/actions.test.ts(150,20): error TS2339: Property 'mockReturnValue' does not exist on type '(role: "USER" | "SUPER_ADMIN" | "ADMIN" | "MODERATOR") => boolean'.
__tests__/modules/contacts/actions.test.ts(162,20): error TS2339: Property 'mockReturnValue' does not exist on type '(role: "USER" | "SUPER_ADMIN" | "ADMIN" | "MODERATOR") => boolean'.
__tests__/modules/contacts/actions.test.ts(163,25): error TS2339: Property 'mockReturnValue' does not exist on type '(role: "USER" | "SUPER_ADMIN" | "ADMIN" | "MODERATOR") => boolean'.
__tests__/modules/contacts/actions.test.ts(173,22): error TS2339: Property 'mockResolvedValue' does not exist on type '() => Promise<UserWithOrganization | null>'.
__tests__/modules/contacts/actions.test.ts(194,22): error TS2339: Property 'mockResolvedValue' does not exist on type '() => Promise<UserWithOrganization | null>'.
__tests__/modules/contacts/actions.test.ts(226,22): error TS2339: Property 'mockResolvedValue' does not exist on type '() => Promise<UserWithOrganization | null>'.
__tests__/modules/contacts/actions.test.ts(243,22): error TS2339: Property 'mockResolvedValue' does not exist on type '() => Promise<UserWithOrganization | null>'.
__tests__/modules/contacts/actions.test.ts(270,22): error TS2339: Property 'mockResolvedValue' does not exist on type '() => Promise<UserWithOrganization | null>'.
__tests__/modules/contacts/actions.test.ts(296,22): error TS2339: Property 'mockResolvedValue' does not exist on type '() => Promise<UserWithOrganization | null>'.
__tests__/modules/contacts/actions.test.ts(301,25): error TS2339: Property 'mockReturnValue' does not exist on type '(role: "USER" | "SUPER_ADMIN" | "ADMIN" | "MODERATOR") => boolean'.
__tests__/modules/contacts/actions.test.ts(319,22): error TS2339: Property 'mockResolvedValue' does not exist on type '() => Promise<UserWithOrganization | null>'.
__tests__/modules/contacts/actions.test.ts(343,22): error TS2339: Property 'mockResolvedValue' does not exist on type '() => Promise<UserWithOrganization | null>'.
__tests__/modules/contacts/actions.test.ts(383,22): error TS2339: Property 'mockResolvedValue' does not exist on type '() => Promise<UserWithOrganization | null>'.
__tests__/modules/contacts/actions.test.ts(409,22): error TS2339: Property 'mockResolvedValue' does not exist on type '() => Promise<UserWithOrganization | null>'.
__tests__/modules/contacts/actions.test.ts(433,22): error TS2339: Property 'mockResolvedValue' does not exist on type '() => Promise<UserWithOrganization | null>'.
__tests__/modules/contacts/actions.test.ts(469,22): error TS2339: Property 'mockResolvedValue' does not exist on type '() => Promise<UserWithOrganization | null>'.
__tests__/modules/contacts/actions.test.ts(503,22): error TS2339: Property 'mockResolvedValue' does not exist on type '() => Promise<UserWithOrganization | null>'.
__tests__/modules/contacts/actions.test.ts(532,22): error TS2339: Property 'mockResolvedValue' does not exist on type '() => Promise<UserWithOrganization | null>'.
__tests__/modules/contacts/queries.test.ts(60,22): error TS2339: Property 'mockResolvedValue' does not exist on type '() => Promise<UserWithOrganization | null>'.
__tests__/modules/contacts/queries.test.ts(83,22): error TS2339: Property 'mockResolvedValue' does not exist on type '() => Promise<UserWithOrganization | null>'.
__tests__/modules/contacts/queries.test.ts(105,22): error TS2339: Property 'mockResolvedValue' does not exist on type '() => Promise<UserWithOrganization | null>'.
__tests__/modules/contacts/queries.test.ts(127,22): error TS2339: Property 'mockResolvedValue' does not exist on type '() => Promise<UserWithOrganization | null>'.
__tests__/modules/contacts/queries.test.ts(149,22): error TS2339: Property 'mockResolvedValue' does not exist on type '() => Promise<UserWithOrganization | null>'.
__tests__/modules/contacts/queries.test.ts(178,22): error TS2339: Property 'mockResolvedValue' does not exist on type '() => Promise<UserWithOrganization | null>'.
__tests__/modules/contacts/queries.test.ts(202,22): error TS2339: Property 'mockResolvedValue' does not exist on type '() => Promise<UserWithOrganization | null>'.
__tests__/modules/contacts/queries.test.ts(226,22): error TS2339: Property 'mockResolvedValue' does not exist on type '() => Promise<UserWithOrganization | null>'.
__tests__/modules/contacts/queries.test.ts(249,22): error TS2339: Property 'mockResolvedValue' does not exist on type '() => Promise<UserWithOrganization | null>'.
__tests__/modules/contacts/queries.test.ts(263,22): error TS2339: Property 'mockResolvedValue' does not exist on type '() => Promise<UserWithOrganization | null>'.
__tests__/modules/contacts/queries.test.ts(287,22): error TS2339: Property 'mockResolvedValue' does not exist on type '() => Promise<UserWithOrganization | null>'.
__tests__/modules/contacts/queries.test.ts(330,22): error TS2339: Property 'mockResolvedValue' does not exist on type '() => Promise<UserWithOrganization | null>'.
__tests__/modules/contacts/queries.test.ts(362,22): error TS2339: Property 'mockResolvedValue' does not exist on type '() => Promise<UserWithOrganization | null>'.
__tests__/modules/contacts/queries.test.ts(390,22): error TS2339: Property 'mockResolvedValue' does not exist on type '() => Promise<UserWithOrganization | null>'.
__tests__/modules/contacts/queries.test.ts(415,22): error TS2339: Property 'mockResolvedValue' does not exist on type '() => Promise<UserWithOrganization | null>'.
__tests__/modules/contacts/queries.test.ts(436,22): error TS2339: Property 'mockResolvedValue' does not exist on type '() => Promise<UserWithOrganization | null>'.
__tests__/modules/documents/versions.test.ts(226,14): error TS7053: Element implicitly has an 'any' type because expression of type '0' can't be used to index type 'PaginatedResult<any>'.
  Property '0' does not exist on type 'PaginatedResult<any>'.
__tests__/modules/documents/versions.test.ts(227,14): error TS7053: Element implicitly has an 'any' type because expression of type '1' can't be used to index type 'PaginatedResult<any>'.
  Property '1' does not exist on type 'PaginatedResult<any>'.
__tests__/modules/leads/actions.test.ts(75,22): error TS2339: Property 'mockResolvedValue' does not exist on type '() => Promise<UserWithOrganization | null>'.
__tests__/modules/leads/actions.test.ts(116,22): error TS2339: Property 'mockResolvedValue' does not exist on type '() => Promise<UserWithOrganization | null>'.
__tests__/modules/leads/actions.test.ts(132,22): error TS2339: Property 'mockResolvedValue' does not exist on type '() => Promise<UserWithOrganization | null>'.
__tests__/modules/leads/actions.test.ts(149,22): error TS2339: Property 'mockResolvedValue' does not exist on type '() => Promise<UserWithOrganization | null>'.
__tests__/modules/leads/actions.test.ts(154,20): error TS2339: Property 'mockReturnValue' does not exist on type '(role: "USER" | "SUPER_ADMIN" | "ADMIN" | "MODERATOR") => boolean'.
__tests__/modules/leads/actions.test.ts(166,20): error TS2339: Property 'mockReturnValue' does not exist on type '(role: "USER" | "SUPER_ADMIN" | "ADMIN" | "MODERATOR") => boolean'.
__tests__/modules/leads/actions.test.ts(167,22): error TS2339: Property 'mockReturnValue' does not exist on type '(role: "USER" | "SUPER_ADMIN" | "ADMIN" | "MODERATOR") => boolean'.
__tests__/modules/leads/actions.test.ts(177,22): error TS2339: Property 'mockResolvedValue' does not exist on type '() => Promise<UserWithOrganization | null>'.
__tests__/modules/leads/actions.test.ts(198,22): error TS2339: Property 'mockResolvedValue' does not exist on type '() => Promise<UserWithOrganization | null>'.
__tests__/modules/leads/actions.test.ts(230,22): error TS2339: Property 'mockResolvedValue' does not exist on type '() => Promise<UserWithOrganization | null>'.
__tests__/modules/leads/actions.test.ts(248,22): error TS2339: Property 'mockResolvedValue' does not exist on type '() => Promise<UserWithOrganization | null>'.
__tests__/modules/leads/actions.test.ts(274,22): error TS2339: Property 'mockResolvedValue' does not exist on type '() => Promise<UserWithOrganization | null>'.
__tests__/modules/leads/actions.test.ts(279,22): error TS2339: Property 'mockReturnValue' does not exist on type '(role: "USER" | "SUPER_ADMIN" | "ADMIN" | "MODERATOR") => boolean'.
__tests__/modules/leads/actions.test.ts(298,22): error TS2339: Property 'mockResolvedValue' does not exist on type '() => Promise<UserWithOrganization | null>'.
__tests__/modules/leads/actions.test.ts(325,22): error TS2339: Property 'mockResolvedValue' does not exist on type '() => Promise<UserWithOrganization | null>'.
__tests__/modules/leads/actions.test.ts(359,22): error TS2339: Property 'mockResolvedValue' does not exist on type '() => Promise<UserWithOrganization | null>'.
__tests__/modules/leads/actions.test.ts(387,22): error TS2339: Property 'mockResolvedValue' does not exist on type '() => Promise<UserWithOrganization | null>'.
__tests__/modules/leads/actions.test.ts(420,22): error TS2339: Property 'mockResolvedValue' does not exist on type '() => Promise<UserWithOrganization | null>'.
__tests__/modules/leads/actions.test.ts(448,22): error TS2339: Property 'mockResolvedValue' does not exist on type '() => Promise<UserWithOrganization | null>'.
__tests__/modules/leads/actions.test.ts(484,22): error TS2339: Property 'mockResolvedValue' does not exist on type '() => Promise<UserWithOrganization | null>'.
__tests__/modules/leads/actions.test.ts(500,22): error TS2339: Property 'mockResolvedValue' does not exist on type '() => Promise<UserWithOrganization | null>'.
__tests__/modules/leads/queries.test.ts(648,25): error TS2339: Property 'mockImplementation' does not exist on type '<T>(operation: () => Promise<T>) => Promise<T>'.
__tests__/modules/marketplace/bundles.test.ts(110,34): error TS2339: Property 'CRM' does not exist on type '{ FOUNDATION: "FOUNDATION"; GROWTH: "GROWTH"; ELITE: "ELITE"; CUSTOM: "CUSTOM"; ADVANCED: "ADVANCED"; INTEGRATION: "INTEGRATION"; }'.
__tests__/modules/marketplace/bundles.test.ts(111,26): error TS2339: Property 'STARTER' does not exist on type '{ T1: "T1"; T2: "T2"; T3: "T3"; }'.
__tests__/modules/marketplace/bundles.test.ts(121,34): error TS2339: Property 'ANALYTICS' does not exist on type '{ FOUNDATION: "FOUNDATION"; GROWTH: "GROWTH"; ELITE: "ELITE"; CUSTOM: "CUSTOM"; ADVANCED: "ADVANCED"; INTEGRATION: "INTEGRATION"; }'.
__tests__/modules/marketplace/bundles.test.ts(122,26): error TS2339: Property 'GROWTH' does not exist on type '{ T1: "T1"; T2: "T2"; T3: "T3"; }'.
__tests__/modules/marketplace/bundles.test.ts(196,34): error TS2339: Property 'CRM' does not exist on type '{ FOUNDATION: "FOUNDATION"; GROWTH: "GROWTH"; ELITE: "ELITE"; CUSTOM: "CUSTOM"; ADVANCED: "ADVANCED"; INTEGRATION: "INTEGRATION"; }'.
__tests__/modules/marketplace/bundles.test.ts(197,26): error TS2339: Property 'STARTER' does not exist on type '{ T1: "T1"; T2: "T2"; T3: "T3"; }'.
__tests__/modules/marketplace/bundles.test.ts(240,22): error TS2339: Property 'mockResolvedValue' does not exist on type '() => Promise<UserWithOrganization | null>'.
__tests__/modules/marketplace/bundles.test.ts(249,34): error TS2339: Property 'CRM' does not exist on type '{ FOUNDATION: "FOUNDATION"; GROWTH: "GROWTH"; ELITE: "ELITE"; CUSTOM: "CUSTOM"; ADVANCED: "ADVANCED"; INTEGRATION: "INTEGRATION"; }'.
__tests__/modules/marketplace/bundles.test.ts(250,26): error TS2339: Property 'STARTER' does not exist on type '{ T1: "T1"; T2: "T2"; T3: "T3"; }'.
__tests__/modules/marketplace/bundles.test.ts(260,34): error TS2339: Property 'ANALYTICS' does not exist on type '{ FOUNDATION: "FOUNDATION"; GROWTH: "GROWTH"; ELITE: "ELITE"; CUSTOM: "CUSTOM"; ADVANCED: "ADVANCED"; INTEGRATION: "INTEGRATION"; }'.
__tests__/modules/marketplace/bundles.test.ts(261,26): error TS2339: Property 'GROWTH' does not exist on type '{ T1: "T1"; T2: "T2"; T3: "T3"; }'.
__tests__/modules/marketplace/bundles.test.ts(310,22): error TS2339: Property 'mockResolvedValue' does not exist on type '() => Promise<UserWithOrganization | null>'.
__tests__/modules/marketplace/bundles.test.ts(319,34): error TS2339: Property 'CRM' does not exist on type '{ FOUNDATION: "FOUNDATION"; GROWTH: "GROWTH"; ELITE: "ELITE"; CUSTOM: "CUSTOM"; ADVANCED: "ADVANCED"; INTEGRATION: "INTEGRATION"; }'.
__tests__/modules/marketplace/bundles.test.ts(320,26): error TS2339: Property 'STARTER' does not exist on type '{ T1: "T1"; T2: "T2"; T3: "T3"; }'.
__tests__/modules/marketplace/bundles.test.ts(330,34): error TS2339: Property 'ANALYTICS' does not exist on type '{ FOUNDATION: "FOUNDATION"; GROWTH: "GROWTH"; ELITE: "ELITE"; CUSTOM: "CUSTOM"; ADVANCED: "ADVANCED"; INTEGRATION: "INTEGRATION"; }'.
__tests__/modules/marketplace/bundles.test.ts(331,26): error TS2339: Property 'GROWTH' does not exist on type '{ T1: "T1"; T2: "T2"; T3: "T3"; }'.
__tests__/modules/marketplace/bundles.test.ts(383,22): error TS2339: Property 'mockResolvedValue' does not exist on type '() => Promise<UserWithOrganization | null>'.
__tests__/modules/marketplace/bundles.test.ts(392,34): error TS2339: Property 'CRM' does not exist on type '{ FOUNDATION: "FOUNDATION"; GROWTH: "GROWTH"; ELITE: "ELITE"; CUSTOM: "CUSTOM"; ADVANCED: "ADVANCED"; INTEGRATION: "INTEGRATION"; }'.
__tests__/modules/marketplace/bundles.test.ts(393,26): error TS2339: Property 'STARTER' does not exist on type '{ T1: "T1"; T2: "T2"; T3: "T3"; }'.
__tests__/modules/marketplace/bundles.test.ts(403,34): error TS2339: Property 'ANALYTICS' does not exist on type '{ FOUNDATION: "FOUNDATION"; GROWTH: "GROWTH"; ELITE: "ELITE"; CUSTOM: "CUSTOM"; ADVANCED: "ADVANCED"; INTEGRATION: "INTEGRATION"; }'.
__tests__/modules/marketplace/bundles.test.ts(404,26): error TS2339: Property 'GROWTH' does not exist on type '{ T1: "T1"; T2: "T2"; T3: "T3"; }'.
__tests__/modules/marketplace/bundles.test.ts(456,22): error TS2339: Property 'mockResolvedValue' does not exist on type '() => Promise<UserWithOrganization | null>'.
__tests__/modules/marketplace/bundles.test.ts(484,22): error TS2339: Property 'mockResolvedValue' does not exist on type '() => Promise<UserWithOrganization | null>'.
__tests__/modules/marketplace/bundles.test.ts(525,22): error TS2339: Property 'mockResolvedValue' does not exist on type '() => Promise<UserWithOrganization | null>'.
__tests__/modules/marketplace/bundles.test.ts(530,28): error TS2339: Property 'mockReturnValue' does not exist on type '(role: "USER" | "SUPER_ADMIN" | "ADMIN" | "MODERATOR") => boolean'.
__tests__/modules/marketplace/bundles.test.ts(552,28): error TS2339: Property 'mockReturnValue' does not exist on type '(role: "USER" | "SUPER_ADMIN" | "ADMIN" | "MODERATOR") => boolean'.
__tests__/modules/marketplace/bundles.test.ts(553,24): error TS2339: Property 'mockReturnValue' does not exist on type '(role: "USER" | "SUPER_ADMIN" | "ADMIN" | "MODERATOR") => boolean'.
__tests__/modules/marketplace/bundles.test.ts(568,22): error TS2339: Property 'mockResolvedValue' does not exist on type '() => Promise<UserWithOrganization | null>'.
__tests__/modules/marketplace/bundles.test.ts(626,22): error TS2339: Property 'mockResolvedValue' does not exist on type '() => Promise<UserWithOrganization | null>'.
__tests__/modules/marketplace/bundles.test.ts(672,22): error TS2339: Property 'mockResolvedValue' does not exist on type '() => Promise<UserWithOrganization | null>'.
__tests__/modules/marketplace/cart.test.ts(58,22): error TS2339: Property 'mockResolvedValue' does not exist on type '() => Promise<UserWithOrganization | null>'.
__tests__/modules/marketplace/cart.test.ts(67,34): error TS2339: Property 'CRM' does not exist on type '{ FOUNDATION: "FOUNDATION"; GROWTH: "GROWTH"; ELITE: "ELITE"; CUSTOM: "CUSTOM"; ADVANCED: "ADVANCED"; INTEGRATION: "INTEGRATION"; }'.
__tests__/modules/marketplace/cart.test.ts(68,26): error TS2339: Property 'STARTER' does not exist on type '{ T1: "T1"; T2: "T2"; T3: "T3"; }'.
__tests__/modules/marketplace/cart.test.ts(96,22): error TS2339: Property 'mockResolvedValue' does not exist on type '() => Promise<UserWithOrganization | null>'.
__tests__/modules/marketplace/cart.test.ts(106,34): error TS2339: Property 'CRM' does not exist on type '{ FOUNDATION: "FOUNDATION"; GROWTH: "GROWTH"; ELITE: "ELITE"; CUSTOM: "CUSTOM"; ADVANCED: "ADVANCED"; INTEGRATION: "INTEGRATION"; }'.
__tests__/modules/marketplace/cart.test.ts(107,26): error TS2339: Property 'STARTER' does not exist on type '{ T1: "T1"; T2: "T2"; T3: "T3"; }'.
__tests__/modules/marketplace/cart.test.ts(149,22): error TS2339: Property 'mockResolvedValue' does not exist on type '() => Promise<UserWithOrganization | null>'.
__tests__/modules/marketplace/cart.test.ts(158,34): error TS2339: Property 'CRM' does not exist on type '{ FOUNDATION: "FOUNDATION"; GROWTH: "GROWTH"; ELITE: "ELITE"; CUSTOM: "CUSTOM"; ADVANCED: "ADVANCED"; INTEGRATION: "INTEGRATION"; }'.
__tests__/modules/marketplace/cart.test.ts(159,26): error TS2339: Property 'STARTER' does not exist on type '{ T1: "T1"; T2: "T2"; T3: "T3"; }'.
__tests__/modules/marketplace/cart.test.ts(169,34): error TS2339: Property 'ANALYTICS' does not exist on type '{ FOUNDATION: "FOUNDATION"; GROWTH: "GROWTH"; ELITE: "ELITE"; CUSTOM: "CUSTOM"; ADVANCED: "ADVANCED"; INTEGRATION: "INTEGRATION"; }'.
__tests__/modules/marketplace/cart.test.ts(170,26): error TS2339: Property 'GROWTH' does not exist on type '{ T1: "T1"; T2: "T2"; T3: "T3"; }'.
__tests__/modules/marketplace/cart.test.ts(185,22): error TS2339: Property 'mockResolvedValue' does not exist on type '() => Promise<UserWithOrganization | null>'.
__tests__/modules/marketplace/cart.test.ts(194,34): error TS2339: Property 'CRM' does not exist on type '{ FOUNDATION: "FOUNDATION"; GROWTH: "GROWTH"; ELITE: "ELITE"; CUSTOM: "CUSTOM"; ADVANCED: "ADVANCED"; INTEGRATION: "INTEGRATION"; }'.
__tests__/modules/marketplace/cart.test.ts(195,26): error TS2339: Property 'STARTER' does not exist on type '{ T1: "T1"; T2: "T2"; T3: "T3"; }'.
__tests__/modules/marketplace/cart.test.ts(211,22): error TS2339: Property 'mockResolvedValue' does not exist on type '() => Promise<UserWithOrganization | null>'.
__tests__/modules/marketplace/cart.test.ts(229,22): error TS2339: Property 'mockResolvedValue' does not exist on type '() => Promise<UserWithOrganization | null>'.
__tests__/modules/marketplace/cart.test.ts(238,34): error TS2339: Property 'CRM' does not exist on type '{ FOUNDATION: "FOUNDATION"; GROWTH: "GROWTH"; ELITE: "ELITE"; CUSTOM: "CUSTOM"; ADVANCED: "ADVANCED"; INTEGRATION: "INTEGRATION"; }'.
__tests__/modules/marketplace/cart.test.ts(239,26): error TS2339: Property 'STARTER' does not exist on type '{ T1: "T1"; T2: "T2"; T3: "T3"; }'.
__tests__/modules/marketplace/cart.test.ts(249,34): error TS2339: Property 'ANALYTICS' does not exist on type '{ FOUNDATION: "FOUNDATION"; GROWTH: "GROWTH"; ELITE: "ELITE"; CUSTOM: "CUSTOM"; ADVANCED: "ADVANCED"; INTEGRATION: "INTEGRATION"; }'.
__tests__/modules/marketplace/cart.test.ts(250,26): error TS2339: Property 'GROWTH' does not exist on type '{ T1: "T1"; T2: "T2"; T3: "T3"; }'.
__tests__/modules/marketplace/cart.test.ts(279,22): error TS2339: Property 'mockResolvedValue' does not exist on type '() => Promise<UserWithOrganization | null>'.
__tests__/modules/marketplace/cart.test.ts(318,22): error TS2339: Property 'mockResolvedValue' does not exist on type '() => Promise<UserWithOrganization | null>'.
__tests__/modules/marketplace/cart.test.ts(327,34): error TS2339: Property 'CRM' does not exist on type '{ FOUNDATION: "FOUNDATION"; GROWTH: "GROWTH"; ELITE: "ELITE"; CUSTOM: "CUSTOM"; ADVANCED: "ADVANCED"; INTEGRATION: "INTEGRATION"; }'.
__tests__/modules/marketplace/cart.test.ts(328,26): error TS2339: Property 'STARTER' does not exist on type '{ T1: "T1"; T2: "T2"; T3: "T3"; }'.
__tests__/modules/marketplace/cart.test.ts(338,34): error TS2339: Property 'ANALYTICS' does not exist on type '{ FOUNDATION: "FOUNDATION"; GROWTH: "GROWTH"; ELITE: "ELITE"; CUSTOM: "CUSTOM"; ADVANCED: "ADVANCED"; INTEGRATION: "INTEGRATION"; }'.
__tests__/modules/marketplace/cart.test.ts(339,26): error TS2339: Property 'ELITE' does not exist on type '{ T1: "T1"; T2: "T2"; T3: "T3"; }'.
__tests__/modules/marketplace/cart.test.ts(366,22): error TS2339: Property 'mockResolvedValue' does not exist on type '() => Promise<UserWithOrganization | null>'.
__tests__/modules/marketplace/cart.test.ts(384,22): error TS2339: Property 'mockResolvedValue' does not exist on type '() => Promise<UserWithOrganization | null>'.
__tests__/modules/marketplace/cart.test.ts(393,34): error TS2339: Property 'CRM' does not exist on type '{ FOUNDATION: "FOUNDATION"; GROWTH: "GROWTH"; ELITE: "ELITE"; CUSTOM: "CUSTOM"; ADVANCED: "ADVANCED"; INTEGRATION: "INTEGRATION"; }'.
__tests__/modules/marketplace/cart.test.ts(394,26): error TS2339: Property 'STARTER' does not exist on type '{ T1: "T1"; T2: "T2"; T3: "T3"; }'.
__tests__/modules/marketplace/cart.test.ts(434,22): error TS2339: Property 'mockResolvedValue' does not exist on type '() => Promise<UserWithOrganization | null>'.
__tests__/modules/marketplace/cart.test.ts(443,34): error TS2339: Property 'CRM' does not exist on type '{ FOUNDATION: "FOUNDATION"; GROWTH: "GROWTH"; ELITE: "ELITE"; CUSTOM: "CUSTOM"; ADVANCED: "ADVANCED"; INTEGRATION: "INTEGRATION"; }'.
__tests__/modules/marketplace/cart.test.ts(444,26): error TS2339: Property 'STARTER' does not exist on type '{ T1: "T1"; T2: "T2"; T3: "T3"; }'.
__tests__/modules/marketplace/cart.test.ts(454,34): error TS2339: Property 'ANALYTICS' does not exist on type '{ FOUNDATION: "FOUNDATION"; GROWTH: "GROWTH"; ELITE: "ELITE"; CUSTOM: "CUSTOM"; ADVANCED: "ADVANCED"; INTEGRATION: "INTEGRATION"; }'.
__tests__/modules/marketplace/cart.test.ts(455,26): error TS2339: Property 'GROWTH' does not exist on type '{ T1: "T1"; T2: "T2"; T3: "T3"; }'.
__tests__/modules/marketplace/cart.test.ts(486,22): error TS2339: Property 'mockResolvedValue' does not exist on type '() => Promise<UserWithOrganization | null>'.
__tests__/modules/marketplace/cart.test.ts(495,34): error TS2339: Property 'CRM' does not exist on type '{ FOUNDATION: "FOUNDATION"; GROWTH: "GROWTH"; ELITE: "ELITE"; CUSTOM: "CUSTOM"; ADVANCED: "ADVANCED"; INTEGRATION: "INTEGRATION"; }'.
__tests__/modules/marketplace/cart.test.ts(496,26): error TS2339: Property 'STARTER' does not exist on type '{ T1: "T1"; T2: "T2"; T3: "T3"; }'.
__tests__/modules/marketplace/cart.test.ts(526,22): error TS2339: Property 'mockResolvedValue' does not exist on type '() => Promise<UserWithOrganization | null>'.
__tests__/modules/marketplace/cart.test.ts(547,22): error TS2339: Property 'mockResolvedValue' does not exist on type '() => Promise<UserWithOrganization | null>'.
__tests__/modules/marketplace/cart.test.ts(556,34): error TS2339: Property 'CRM' does not exist on type '{ FOUNDATION: "FOUNDATION"; GROWTH: "GROWTH"; ELITE: "ELITE"; CUSTOM: "CUSTOM"; ADVANCED: "ADVANCED"; INTEGRATION: "INTEGRATION"; }'.
__tests__/modules/marketplace/cart.test.ts(557,26): error TS2339: Property 'STARTER' does not exist on type '{ T1: "T1"; T2: "T2"; T3: "T3"; }'.
__tests__/modules/marketplace/cart.test.ts(567,34): error TS2339: Property 'ANALYTICS' does not exist on type '{ FOUNDATION: "FOUNDATION"; GROWTH: "GROWTH"; ELITE: "ELITE"; CUSTOM: "CUSTOM"; ADVANCED: "ADVANCED"; INTEGRATION: "INTEGRATION"; }'.
__tests__/modules/marketplace/cart.test.ts(568,26): error TS2339: Property 'GROWTH' does not exist on type '{ T1: "T1"; T2: "T2"; T3: "T3"; }'.
__tests__/modules/marketplace/cart.test.ts(620,22): error TS2339: Property 'mockResolvedValue' does not exist on type '() => Promise<UserWithOrganization | null>'.
__tests__/modules/marketplace/cart.test.ts(629,34): error TS2339: Property 'CRM' does not exist on type '{ FOUNDATION: "FOUNDATION"; GROWTH: "GROWTH"; ELITE: "ELITE"; CUSTOM: "CUSTOM"; ADVANCED: "ADVANCED"; INTEGRATION: "INTEGRATION"; }'.
__tests__/modules/marketplace/cart.test.ts(630,26): error TS2339: Property 'STARTER' does not exist on type '{ T1: "T1"; T2: "T2"; T3: "T3"; }'.
__tests__/modules/marketplace/cart.test.ts(677,34): error TS2339: Property 'CRM' does not exist on type '{ FOUNDATION: "FOUNDATION"; GROWTH: "GROWTH"; ELITE: "ELITE"; CUSTOM: "CUSTOM"; ADVANCED: "ADVANCED"; INTEGRATION: "INTEGRATION"; }'.
__tests__/modules/marketplace/cart.test.ts(678,26): error TS2339: Property 'STARTER' does not exist on type '{ T1: "T1"; T2: "T2"; T3: "T3"; }'.
__tests__/modules/marketplace/cart.test.ts(685,22): error TS2339: Property 'mockResolvedValue' does not exist on type '() => Promise<UserWithOrganization | null>'.
__tests__/modules/marketplace/cart.test.ts(692,22): error TS2339: Property 'mockResolvedValue' does not exist on type '() => Promise<UserWithOrganization | null>'.
__tests__/modules/marketplace/integration/purchase-flow.test.ts(68,22): error TS2339: Property 'mockResolvedValue' does not exist on type '() => Promise<UserWithOrganization | null>'.
__tests__/modules/marketplace/integration/purchase-flow.test.ts(72,19): error TS2339: Property 'mockResolvedValue' does not exist on type '() => Promise<EnhancedUser>'.
__tests__/modules/marketplace/integration/purchase-flow.test.ts(82,34): error TS2339: Property 'CRM' does not exist on type '{ FOUNDATION: "FOUNDATION"; GROWTH: "GROWTH"; ELITE: "ELITE"; CUSTOM: "CUSTOM"; ADVANCED: "ADVANCED"; INTEGRATION: "INTEGRATION"; }'.
__tests__/modules/marketplace/integration/purchase-flow.test.ts(83,26): error TS2339: Property 'GROWTH' does not exist on type '{ T1: "T1"; T2: "T2"; T3: "T3"; }'.
__tests__/modules/marketplace/integration/purchase-flow.test.ts(93,34): error TS2339: Property 'ANALYTICS' does not exist on type '{ FOUNDATION: "FOUNDATION"; GROWTH: "GROWTH"; ELITE: "ELITE"; CUSTOM: "CUSTOM"; ADVANCED: "ADVANCED"; INTEGRATION: "INTEGRATION"; }'.
__tests__/modules/marketplace/integration/purchase-flow.test.ts(94,26): error TS2339: Property 'ELITE' does not exist on type '{ T1: "T1"; T2: "T2"; T3: "T3"; }'.
__tests__/modules/marketplace/integration/purchase-flow.test.ts(100,47): error TS2345: Argument of type '{ tier: any; }' is not assignable to parameter of type '{ is_active: boolean; sort_order: "desc" | "asc"; limit: number; offset: number; search?: string | undefined; category?: "GROWTH" | "CUSTOM" | "ELITE" | "INTEGRATION" | "ADVANCED" | "FOUNDATION" | ("GROWTH" | ... 4 more ... | "FOUNDATION")[] | undefined; ... 4 more ...; price_max?: number | undefined; }'.
  Type '{ tier: any; }' is missing the following properties from type '{ is_active: boolean; sort_order: "desc" | "asc"; limit: number; offset: number; search?: string | undefined; category?: "GROWTH" | "CUSTOM" | "ELITE" | "INTEGRATION" | "ADVANCED" | "FOUNDATION" | ("GROWTH" | ... 4 more ... | "FOUNDATION")[] | undefined; ... 4 more ...; price_max?: number | undefined; }': is_active, sort_order, limit, offset
__tests__/modules/marketplace/integration/purchase-flow.test.ts(100,64): error TS2339: Property 'GROWTH' does not exist on type '{ T1: "T1"; T2: "T2"; T3: "T3"; }'.
__tests__/modules/marketplace/integration/purchase-flow.test.ts(126,29): error TS7006: Parameter 'p' implicitly has an 'any' type.
__tests__/modules/marketplace/integration/purchase-flow.test.ts(127,29): error TS7006: Parameter 'p' implicitly has an 'any' type.
__tests__/modules/marketplace/integration/purchase-flow.test.ts(150,22): error TS2339: Property 'mockResolvedValue' does not exist on type '() => Promise<UserWithOrganization | null>'.
__tests__/modules/marketplace/integration/purchase-flow.test.ts(160,34): error TS2339: Property 'MARKETING' does not exist on type '{ FOUNDATION: "FOUNDATION"; GROWTH: "GROWTH"; ELITE: "ELITE"; CUSTOM: "CUSTOM"; ADVANCED: "ADVANCED"; INTEGRATION: "INTEGRATION"; }'.
__tests__/modules/marketplace/integration/purchase-flow.test.ts(161,26): error TS2339: Property 'STARTER' does not exist on type '{ T1: "T1"; T2: "T2"; T3: "T3"; }'.
__tests__/modules/marketplace/integration/purchase-flow.test.ts(171,34): error TS2339: Property 'MARKETING' does not exist on type '{ FOUNDATION: "FOUNDATION"; GROWTH: "GROWTH"; ELITE: "ELITE"; CUSTOM: "CUSTOM"; ADVANCED: "ADVANCED"; INTEGRATION: "INTEGRATION"; }'.
__tests__/modules/marketplace/integration/purchase-flow.test.ts(172,26): error TS2339: Property 'GROWTH' does not exist on type '{ T1: "T1"; T2: "T2"; T3: "T3"; }'.
__tests__/modules/marketplace/integration/purchase-flow.test.ts(224,22): error TS2339: Property 'mockResolvedValue' does not exist on type '() => Promise<UserWithOrganization | null>'.
__tests__/modules/marketplace/integration/purchase-flow.test.ts(233,34): error TS2339: Property 'CRM' does not exist on type '{ FOUNDATION: "FOUNDATION"; GROWTH: "GROWTH"; ELITE: "ELITE"; CUSTOM: "CUSTOM"; ADVANCED: "ADVANCED"; INTEGRATION: "INTEGRATION"; }'.
__tests__/modules/marketplace/integration/purchase-flow.test.ts(234,26): error TS2339: Property 'STARTER' does not exist on type '{ T1: "T1"; T2: "T2"; T3: "T3"; }'.
__tests__/modules/marketplace/integration/purchase-flow.test.ts(261,22): error TS2339: Property 'mockResolvedValue' does not exist on type '() => Promise<UserWithOrganization | null>'.
__tests__/modules/marketplace/integration/purchase-flow.test.ts(270,34): error TS2339: Property 'CRM' does not exist on type '{ FOUNDATION: "FOUNDATION"; GROWTH: "GROWTH"; ELITE: "ELITE"; CUSTOM: "CUSTOM"; ADVANCED: "ADVANCED"; INTEGRATION: "INTEGRATION"; }'.
__tests__/modules/marketplace/integration/purchase-flow.test.ts(271,26): error TS2339: Property 'STARTER' does not exist on type '{ T1: "T1"; T2: "T2"; T3: "T3"; }'.
__tests__/modules/marketplace/integration/purchase-flow.test.ts(295,22): error TS2339: Property 'mockResolvedValue' does not exist on type '() => Promise<UserWithOrganization | null>'.
__tests__/modules/marketplace/integration/purchase-flow.test.ts(317,22): error TS2339: Property 'mockResolvedValue' does not exist on type '() => Promise<UserWithOrganization | null>'.
__tests__/modules/marketplace/integration/purchase-flow.test.ts(326,34): error TS2339: Property 'CRM' does not exist on type '{ FOUNDATION: "FOUNDATION"; GROWTH: "GROWTH"; ELITE: "ELITE"; CUSTOM: "CUSTOM"; ADVANCED: "ADVANCED"; INTEGRATION: "INTEGRATION"; }'.
__tests__/modules/marketplace/integration/purchase-flow.test.ts(327,26): error TS2339: Property 'STARTER' does not exist on type '{ T1: "T1"; T2: "T2"; T3: "T3"; }'.
__tests__/modules/marketplace/integration/purchase-flow.test.ts(351,34): error TS2339: Property 'CRM' does not exist on type '{ FOUNDATION: "FOUNDATION"; GROWTH: "GROWTH"; ELITE: "ELITE"; CUSTOM: "CUSTOM"; ADVANCED: "ADVANCED"; INTEGRATION: "INTEGRATION"; }'.
__tests__/modules/marketplace/integration/purchase-flow.test.ts(352,26): error TS2339: Property 'STARTER' does not exist on type '{ T1: "T1"; T2: "T2"; T3: "T3"; }'.
__tests__/modules/marketplace/integration/purchase-flow.test.ts(359,22): error TS2339: Property 'mockResolvedValue' does not exist on type '() => Promise<UserWithOrganization | null>'.
__tests__/modules/marketplace/integration/purchase-flow.test.ts(373,22): error TS2339: Property 'mockResolvedValue' does not exist on type '() => Promise<UserWithOrganization | null>'.
__tests__/modules/marketplace/integration/purchase-flow.test.ts(405,22): error TS2339: Property 'mockResolvedValue' does not exist on type '() => Promise<UserWithOrganization | null>'.
__tests__/modules/marketplace/integration/purchase-flow.test.ts(414,34): error TS2339: Property 'CRM' does not exist on type '{ FOUNDATION: "FOUNDATION"; GROWTH: "GROWTH"; ELITE: "ELITE"; CUSTOM: "CUSTOM"; ADVANCED: "ADVANCED"; INTEGRATION: "INTEGRATION"; }'.
__tests__/modules/marketplace/integration/purchase-flow.test.ts(415,26): error TS2339: Property 'STARTER' does not exist on type '{ T1: "T1"; T2: "T2"; T3: "T3"; }'.
__tests__/modules/marketplace/integration/purchase-flow.test.ts(440,22): error TS2339: Property 'mockResolvedValue' does not exist on type '() => Promise<UserWithOrganization | null>'.
__tests__/modules/marketplace/integration/purchase-flow.test.ts(449,34): error TS2339: Property 'CRM' does not exist on type '{ FOUNDATION: "FOUNDATION"; GROWTH: "GROWTH"; ELITE: "ELITE"; CUSTOM: "CUSTOM"; ADVANCED: "ADVANCED"; INTEGRATION: "INTEGRATION"; }'.
__tests__/modules/marketplace/integration/purchase-flow.test.ts(450,26): error TS2339: Property 'STARTER' does not exist on type '{ T1: "T1"; T2: "T2"; T3: "T3"; }'.
__tests__/modules/marketplace/integration/purchase-flow.test.ts(460,34): error TS2339: Property 'ANALYTICS' does not exist on type '{ FOUNDATION: "FOUNDATION"; GROWTH: "GROWTH"; ELITE: "ELITE"; CUSTOM: "CUSTOM"; ADVANCED: "ADVANCED"; INTEGRATION: "INTEGRATION"; }'.
__tests__/modules/marketplace/integration/purchase-flow.test.ts(461,26): error TS2339: Property 'GROWTH' does not exist on type '{ T1: "T1"; T2: "T2"; T3: "T3"; }'.
__tests__/modules/marketplace/integration/purchase-flow.test.ts(478,14): error TS18047: 'cart.tools' is possibly 'null'.
__tests__/modules/marketplace/integration/purchase-flow.test.ts(478,26): error TS2339: Property 'length' does not exist on type 'string | number | boolean | JsonObject | JsonArray'.
  Property 'length' does not exist on type 'number'.
__tests__/modules/marketplace/integration/purchase-flow.test.ts(487,22): error TS2339: Property 'mockResolvedValue' does not exist on type '() => Promise<UserWithOrganization | null>'.
__tests__/modules/marketplace/integration/purchase-flow.test.ts(491,19): error TS2339: Property 'mockResolvedValue' does not exist on type '() => Promise<EnhancedUser>'.
__tests__/modules/marketplace/integration/purchase-flow.test.ts(500,34): error TS2339: Property 'CRM' does not exist on type '{ FOUNDATION: "FOUNDATION"; GROWTH: "GROWTH"; ELITE: "ELITE"; CUSTOM: "CUSTOM"; ADVANCED: "ADVANCED"; INTEGRATION: "INTEGRATION"; }'.
__tests__/modules/marketplace/integration/purchase-flow.test.ts(501,26): error TS2339: Property 'STARTER' does not exist on type '{ T1: "T1"; T2: "T2"; T3: "T3"; }'.
__tests__/modules/marketplace/integration/purchase-flow.test.ts(509,28): error TS2339: Property 'mockResolvedValue' does not exist on type '(toolId: string, userId?: string | undefined) => Promise<boolean>'.
__tests__/modules/marketplace/integration/purchase-flow.test.ts(525,28): error TS2339: Property 'mockResolvedValue' does not exist on type '(toolId: string, userId?: string | undefined) => Promise<boolean>'.
__tests__/modules/marketplace/reviews.test.ts(53,19): error TS2339: Property 'mockResolvedValue' does not exist on type '() => Promise<EnhancedUser>'.
__tests__/modules/marketplace/reviews.test.ts(58,28): error TS2339: Property 'mockResolvedValue' does not exist on type '(toolId: string, userId?: string | undefined) => Promise<boolean>'.
__tests__/modules/marketplace/reviews.test.ts(64,34): error TS2339: Property 'CRM' does not exist on type '{ FOUNDATION: "FOUNDATION"; GROWTH: "GROWTH"; ELITE: "ELITE"; CUSTOM: "CUSTOM"; ADVANCED: "ADVANCED"; INTEGRATION: "INTEGRATION"; }'.
__tests__/modules/marketplace/reviews.test.ts(65,26): error TS2339: Property 'STARTER' does not exist on type '{ T1: "T1"; T2: "T2"; T3: "T3"; }'.
__tests__/modules/marketplace/reviews.test.ts(100,19): error TS2339: Property 'mockResolvedValue' does not exist on type '() => Promise<EnhancedUser>'.
__tests__/modules/marketplace/reviews.test.ts(105,28): error TS2339: Property 'mockResolvedValue' does not exist on type '(toolId: string, userId?: string | undefined) => Promise<boolean>'.
__tests__/modules/marketplace/reviews.test.ts(111,34): error TS2339: Property 'CRM' does not exist on type '{ FOUNDATION: "FOUNDATION"; GROWTH: "GROWTH"; ELITE: "ELITE"; CUSTOM: "CUSTOM"; ADVANCED: "ADVANCED"; INTEGRATION: "INTEGRATION"; }'.
__tests__/modules/marketplace/reviews.test.ts(112,26): error TS2339: Property 'STARTER' does not exist on type '{ T1: "T1"; T2: "T2"; T3: "T3"; }'.
__tests__/modules/marketplace/reviews.test.ts(136,28): error TS2339: Property 'mockResolvedValue' does not exist on type '(toolId: string, userId?: string | undefined) => Promise<boolean>'.
__tests__/modules/marketplace/reviews.test.ts(142,34): error TS2339: Property 'CRM' does not exist on type '{ FOUNDATION: "FOUNDATION"; GROWTH: "GROWTH"; ELITE: "ELITE"; CUSTOM: "CUSTOM"; ADVANCED: "ADVANCED"; INTEGRATION: "INTEGRATION"; }'.
__tests__/modules/marketplace/reviews.test.ts(143,26): error TS2339: Property 'STARTER' does not exist on type '{ T1: "T1"; T2: "T2"; T3: "T3"; }'.
__tests__/modules/marketplace/reviews.test.ts(151,19): error TS2339: Property 'mockResolvedValue' does not exist on type '() => Promise<EnhancedUser>'.
__tests__/modules/marketplace/reviews.test.ts(161,19): error TS2339: Property 'mockResolvedValue' does not exist on type '() => Promise<EnhancedUser>'.
__tests__/modules/marketplace/reviews.test.ts(181,19): error TS2339: Property 'mockResolvedValue' does not exist on type '() => Promise<EnhancedUser>'.
__tests__/modules/marketplace/reviews.test.ts(186,28): error TS2339: Property 'mockResolvedValue' does not exist on type '(toolId: string, userId?: string | undefined) => Promise<boolean>'.
__tests__/modules/marketplace/reviews.test.ts(192,34): error TS2339: Property 'CRM' does not exist on type '{ FOUNDATION: "FOUNDATION"; GROWTH: "GROWTH"; ELITE: "ELITE"; CUSTOM: "CUSTOM"; ADVANCED: "ADVANCED"; INTEGRATION: "INTEGRATION"; }'.
__tests__/modules/marketplace/reviews.test.ts(193,26): error TS2339: Property 'STARTER' does not exist on type '{ T1: "T1"; T2: "T2"; T3: "T3"; }'.
__tests__/modules/marketplace/reviews.test.ts(210,19): error TS2339: Property 'mockResolvedValue' does not exist on type '() => Promise<EnhancedUser>'.
__tests__/modules/marketplace/reviews.test.ts(215,28): error TS2339: Property 'mockResolvedValue' does not exist on type '(toolId: string, userId?: string | undefined) => Promise<boolean>'.
__tests__/modules/marketplace/reviews.test.ts(221,34): error TS2339: Property 'CRM' does not exist on type '{ FOUNDATION: "FOUNDATION"; GROWTH: "GROWTH"; ELITE: "ELITE"; CUSTOM: "CUSTOM"; ADVANCED: "ADVANCED"; INTEGRATION: "INTEGRATION"; }'.
__tests__/modules/marketplace/reviews.test.ts(222,26): error TS2339: Property 'STARTER' does not exist on type '{ T1: "T1"; T2: "T2"; T3: "T3"; }'.
__tests__/modules/marketplace/reviews.test.ts(248,19): error TS2339: Property 'mockResolvedValue' does not exist on type '() => Promise<EnhancedUser>'.
__tests__/modules/marketplace/reviews.test.ts(253,28): error TS2339: Property 'mockResolvedValue' does not exist on type '(toolId: string, userId?: string | undefined) => Promise<boolean>'.
__tests__/modules/marketplace/reviews.test.ts(259,34): error TS2339: Property 'CRM' does not exist on type '{ FOUNDATION: "FOUNDATION"; GROWTH: "GROWTH"; ELITE: "ELITE"; CUSTOM: "CUSTOM"; ADVANCED: "ADVANCED"; INTEGRATION: "INTEGRATION"; }'.
__tests__/modules/marketplace/reviews.test.ts(260,26): error TS2339: Property 'STARTER' does not exist on type '{ T1: "T1"; T2: "T2"; T3: "T3"; }'.
__tests__/modules/marketplace/reviews.test.ts(295,19): error TS2339: Property 'mockResolvedValue' does not exist on type '() => Promise<EnhancedUser>'.
__tests__/modules/marketplace/reviews.test.ts(304,34): error TS2339: Property 'CRM' does not exist on type '{ FOUNDATION: "FOUNDATION"; GROWTH: "GROWTH"; ELITE: "ELITE"; CUSTOM: "CUSTOM"; ADVANCED: "ADVANCED"; INTEGRATION: "INTEGRATION"; }'.
__tests__/modules/marketplace/reviews.test.ts(305,26): error TS2339: Property 'STARTER' does not exist on type '{ T1: "T1"; T2: "T2"; T3: "T3"; }'.
__tests__/modules/marketplace/reviews.test.ts(335,19): error TS2339: Property 'mockResolvedValue' does not exist on type '() => Promise<EnhancedUser>'.
__tests__/modules/marketplace/reviews.test.ts(344,34): error TS2339: Property 'CRM' does not exist on type '{ FOUNDATION: "FOUNDATION"; GROWTH: "GROWTH"; ELITE: "ELITE"; CUSTOM: "CUSTOM"; ADVANCED: "ADVANCED"; INTEGRATION: "INTEGRATION"; }'.
__tests__/modules/marketplace/reviews.test.ts(345,26): error TS2339: Property 'STARTER' does not exist on type '{ T1: "T1"; T2: "T2"; T3: "T3"; }'.
__tests__/modules/marketplace/reviews.test.ts(373,19): error TS2339: Property 'mockResolvedValue' does not exist on type '() => Promise<EnhancedUser>'.
__tests__/modules/marketplace/reviews.test.ts(382,34): error TS2339: Property 'CRM' does not exist on type '{ FOUNDATION: "FOUNDATION"; GROWTH: "GROWTH"; ELITE: "ELITE"; CUSTOM: "CUSTOM"; ADVANCED: "ADVANCED"; INTEGRATION: "INTEGRATION"; }'.
__tests__/modules/marketplace/reviews.test.ts(383,26): error TS2339: Property 'STARTER' does not exist on type '{ T1: "T1"; T2: "T2"; T3: "T3"; }'.
__tests__/modules/marketplace/reviews.test.ts(416,19): error TS2339: Property 'mockResolvedValue' does not exist on type '() => Promise<EnhancedUser>'.
__tests__/modules/marketplace/reviews.test.ts(425,34): error TS2339: Property 'CRM' does not exist on type '{ FOUNDATION: "FOUNDATION"; GROWTH: "GROWTH"; ELITE: "ELITE"; CUSTOM: "CUSTOM"; ADVANCED: "ADVANCED"; INTEGRATION: "INTEGRATION"; }'.
__tests__/modules/marketplace/reviews.test.ts(426,26): error TS2339: Property 'STARTER' does not exist on type '{ T1: "T1"; T2: "T2"; T3: "T3"; }'.
__tests__/modules/marketplace/reviews.test.ts(454,19): error TS2339: Property 'mockResolvedValue' does not exist on type '() => Promise<EnhancedUser>'.
__tests__/modules/marketplace/reviews.test.ts(463,34): error TS2339: Property 'CRM' does not exist on type '{ FOUNDATION: "FOUNDATION"; GROWTH: "GROWTH"; ELITE: "ELITE"; CUSTOM: "CUSTOM"; ADVANCED: "ADVANCED"; INTEGRATION: "INTEGRATION"; }'.
__tests__/modules/marketplace/reviews.test.ts(464,26): error TS2339: Property 'STARTER' does not exist on type '{ T1: "T1"; T2: "T2"; T3: "T3"; }'.
__tests__/modules/marketplace/reviews.test.ts(492,34): error TS2339: Property 'CRM' does not exist on type '{ FOUNDATION: "FOUNDATION"; GROWTH: "GROWTH"; ELITE: "ELITE"; CUSTOM: "CUSTOM"; ADVANCED: "ADVANCED"; INTEGRATION: "INTEGRATION"; }'.
__tests__/modules/marketplace/reviews.test.ts(493,26): error TS2339: Property 'STARTER' does not exist on type '{ T1: "T1"; T2: "T2"; T3: "T3"; }'.
__tests__/modules/marketplace/reviews.test.ts(526,19): error TS2339: Property 'mockResolvedValue' does not exist on type '() => Promise<EnhancedUser>'.
__tests__/modules/marketplace/reviews.test.ts(544,19): error TS2339: Property 'mockResolvedValue' does not exist on type '() => Promise<EnhancedUser>'.
__tests__/modules/marketplace/reviews.test.ts(553,34): error TS2339: Property 'CRM' does not exist on type '{ FOUNDATION: "FOUNDATION"; GROWTH: "GROWTH"; ELITE: "ELITE"; CUSTOM: "CUSTOM"; ADVANCED: "ADVANCED"; INTEGRATION: "INTEGRATION"; }'.
__tests__/modules/marketplace/reviews.test.ts(554,26): error TS2339: Property 'STARTER' does not exist on type '{ T1: "T1"; T2: "T2"; T3: "T3"; }'.
__tests__/modules/marketplace/tools.test.ts(74,36): error TS2339: Property 'CRM' does not exist on type '{ FOUNDATION: "FOUNDATION"; GROWTH: "GROWTH"; ELITE: "ELITE"; CUSTOM: "CUSTOM"; ADVANCED: "ADVANCED"; INTEGRATION: "INTEGRATION"; }'.
__tests__/modules/marketplace/tools.test.ts(75,28): error TS2339: Property 'GROWTH' does not exist on type '{ T1: "T1"; T2: "T2"; T3: "T3"; }'.
__tests__/modules/marketplace/tools.test.ts(85,36): error TS2339: Property 'ANALYTICS' does not exist on type '{ FOUNDATION: "FOUNDATION"; GROWTH: "GROWTH"; ELITE: "ELITE"; CUSTOM: "CUSTOM"; ADVANCED: "ADVANCED"; INTEGRATION: "INTEGRATION"; }'.
__tests__/modules/marketplace/tools.test.ts(86,28): error TS2339: Property 'ELITE' does not exist on type '{ T1: "T1"; T2: "T2"; T3: "T3"; }'.
__tests__/modules/marketplace/tools.test.ts(96,36): error TS2339: Property 'AUTOMATION' does not exist on type '{ FOUNDATION: "FOUNDATION"; GROWTH: "GROWTH"; ELITE: "ELITE"; CUSTOM: "CUSTOM"; ADVANCED: "ADVANCED"; INTEGRATION: "INTEGRATION"; }'.
__tests__/modules/marketplace/tools.test.ts(97,28): error TS2339: Property 'STARTER' does not exist on type '{ T1: "T1"; T2: "T2"; T3: "T3"; }'.
__tests__/modules/marketplace/tools.test.ts(119,36): error TS2339: Property 'CRM' does not exist on type '{ FOUNDATION: "FOUNDATION"; GROWTH: "GROWTH"; ELITE: "ELITE"; CUSTOM: "CUSTOM"; ADVANCED: "ADVANCED"; INTEGRATION: "INTEGRATION"; }'.
__tests__/modules/marketplace/tools.test.ts(120,28): error TS2339: Property 'STARTER' does not exist on type '{ T1: "T1"; T2: "T2"; T3: "T3"; }'.
__tests__/modules/marketplace/tools.test.ts(127,36): error TS2339: Property 'MARKETING' does not exist on type '{ FOUNDATION: "FOUNDATION"; GROWTH: "GROWTH"; ELITE: "ELITE"; CUSTOM: "CUSTOM"; ADVANCED: "ADVANCED"; INTEGRATION: "INTEGRATION"; }'.
__tests__/modules/marketplace/tools.test.ts(128,28): error TS2339: Property 'GROWTH' does not exist on type '{ T1: "T1"; T2: "T2"; T3: "T3"; }'.
__tests__/modules/marketplace/tools.test.ts(135,50): error TS2345: Argument of type '{ category: any; }' is not assignable to parameter of type '{ is_active: boolean; sort_order: "desc" | "asc"; limit: number; offset: number; search?: string | undefined; category?: "GROWTH" | "CUSTOM" | "ELITE" | "INTEGRATION" | "ADVANCED" | "FOUNDATION" | ("GROWTH" | ... 4 more ... | "FOUNDATION")[] | undefined; ... 4 more ...; price_max?: number | undefined; }'.
  Type '{ category: any; }' is missing the following properties from type '{ is_active: boolean; sort_order: "desc" | "asc"; limit: number; offset: number; search?: string | undefined; category?: "GROWTH" | "CUSTOM" | "ELITE" | "INTEGRATION" | "ADVANCED" | "FOUNDATION" | ("GROWTH" | ... 4 more ... | "FOUNDATION")[] | undefined; ... 4 more ...; price_max?: number | undefined; }': is_active, sort_order, limit, offset
__tests__/modules/marketplace/tools.test.ts(135,75): error TS2339: Property 'CRM' does not exist on type '{ FOUNDATION: "FOUNDATION"; GROWTH: "GROWTH"; ELITE: "ELITE"; CUSTOM: "CUSTOM"; ADVANCED: "ADVANCED"; INTEGRATION: "INTEGRATION"; }'.
__tests__/modules/marketplace/tools.test.ts(138,54): error TS2339: Property 'CRM' does not exist on type '{ FOUNDATION: "FOUNDATION"; GROWTH: "GROWTH"; ELITE: "ELITE"; CUSTOM: "CUSTOM"; ADVANCED: "ADVANCED"; INTEGRATION: "INTEGRATION"; }'.
__tests__/modules/marketplace/tools.test.ts(147,36): error TS2339: Property 'CRM' does not exist on type '{ FOUNDATION: "FOUNDATION"; GROWTH: "GROWTH"; ELITE: "ELITE"; CUSTOM: "CUSTOM"; ADVANCED: "ADVANCED"; INTEGRATION: "INTEGRATION"; }'.
__tests__/modules/marketplace/tools.test.ts(148,28): error TS2339: Property 'STARTER' does not exist on type '{ T1: "T1"; T2: "T2"; T3: "T3"; }'.
__tests__/modules/marketplace/tools.test.ts(155,36): error TS2339: Property 'CRM' does not exist on type '{ FOUNDATION: "FOUNDATION"; GROWTH: "GROWTH"; ELITE: "ELITE"; CUSTOM: "CUSTOM"; ADVANCED: "ADVANCED"; INTEGRATION: "INTEGRATION"; }'.
__tests__/modules/marketplace/tools.test.ts(156,28): error TS2339: Property 'ELITE' does not exist on type '{ T1: "T1"; T2: "T2"; T3: "T3"; }'.
__tests__/modules/marketplace/tools.test.ts(163,52): error TS2345: Argument of type '{ tier: any; }' is not assignable to parameter of type '{ is_active: boolean; sort_order: "desc" | "asc"; limit: number; offset: number; search?: string | undefined; category?: "GROWTH" | "CUSTOM" | "ELITE" | "INTEGRATION" | "ADVANCED" | "FOUNDATION" | ("GROWTH" | ... 4 more ... | "FOUNDATION")[] | undefined; ... 4 more ...; price_max?: number | undefined; }'.
  Type '{ tier: any; }' is missing the following properties from type '{ is_active: boolean; sort_order: "desc" | "asc"; limit: number; offset: number; search?: string | undefined; category?: "GROWTH" | "CUSTOM" | "ELITE" | "INTEGRATION" | "ADVANCED" | "FOUNDATION" | ("GROWTH" | ... 4 more ... | "FOUNDATION")[] | undefined; ... 4 more ...; price_max?: number | undefined; }': is_active, sort_order, limit, offset
__tests__/modules/marketplace/tools.test.ts(163,69): error TS2339: Property 'ELITE' does not exist on type '{ T1: "T1"; T2: "T2"; T3: "T3"; }'.
__tests__/modules/marketplace/tools.test.ts(166,48): error TS2339: Property 'ELITE' does not exist on type '{ T1: "T1"; T2: "T2"; T3: "T3"; }'.
__tests__/modules/marketplace/tools.test.ts(175,36): error TS2339: Property 'CRM' does not exist on type '{ FOUNDATION: "FOUNDATION"; GROWTH: "GROWTH"; ELITE: "ELITE"; CUSTOM: "CUSTOM"; ADVANCED: "ADVANCED"; INTEGRATION: "INTEGRATION"; }'.
__tests__/modules/marketplace/tools.test.ts(176,28): error TS2339: Property 'STARTER' does not exist on type '{ T1: "T1"; T2: "T2"; T3: "T3"; }'.
__tests__/modules/marketplace/tools.test.ts(183,36): error TS2339: Property 'CRM' does not exist on type '{ FOUNDATION: "FOUNDATION"; GROWTH: "GROWTH"; ELITE: "ELITE"; CUSTOM: "CUSTOM"; ADVANCED: "ADVANCED"; INTEGRATION: "INTEGRATION"; }'.
__tests__/modules/marketplace/tools.test.ts(184,28): error TS2339: Property 'GROWTH' does not exist on type '{ T1: "T1"; T2: "T2"; T3: "T3"; }'.
__tests__/modules/marketplace/tools.test.ts(191,36): error TS2339: Property 'CRM' does not exist on type '{ FOUNDATION: "FOUNDATION"; GROWTH: "GROWTH"; ELITE: "ELITE"; CUSTOM: "CUSTOM"; ADVANCED: "ADVANCED"; INTEGRATION: "INTEGRATION"; }'.
__tests__/modules/marketplace/tools.test.ts(192,28): error TS2339: Property 'ELITE' does not exist on type '{ T1: "T1"; T2: "T2"; T3: "T3"; }'.
__tests__/modules/marketplace/tools.test.ts(199,55): error TS2345: Argument of type '{ price_min: number; price_max: number; }' is not assignable to parameter of type '{ is_active: boolean; sort_order: "desc" | "asc"; limit: number; offset: number; search?: string | undefined; category?: "GROWTH" | "CUSTOM" | "ELITE" | "INTEGRATION" | "ADVANCED" | "FOUNDATION" | ("GROWTH" | ... 4 more ... | "FOUNDATION")[] | undefined; ... 4 more ...; price_max?: number | undefined; }'.
  Type '{ price_min: number; price_max: number; }' is missing the following properties from type '{ is_active: boolean; sort_order: "desc" | "asc"; limit: number; offset: number; search?: string | undefined; category?: "GROWTH" | "CUSTOM" | "ELITE" | "INTEGRATION" | "ADVANCED" | "FOUNDATION" | ("GROWTH" | ... 4 more ... | "FOUNDATION")[] | undefined; ... 4 more ...; price_max?: number | undefined; }': is_active, sort_order, limit, offset
__tests__/modules/marketplace/tools.test.ts(214,36): error TS2339: Property 'CRM' does not exist on type '{ FOUNDATION: "FOUNDATION"; GROWTH: "GROWTH"; ELITE: "ELITE"; CUSTOM: "CUSTOM"; ADVANCED: "ADVANCED"; INTEGRATION: "INTEGRATION"; }'.
__tests__/modules/marketplace/tools.test.ts(215,28): error TS2339: Property 'STARTER' does not exist on type '{ T1: "T1"; T2: "T2"; T3: "T3"; }'.
__tests__/modules/marketplace/tools.test.ts(222,36): error TS2339: Property 'MARKETING' does not exist on type '{ FOUNDATION: "FOUNDATION"; GROWTH: "GROWTH"; ELITE: "ELITE"; CUSTOM: "CUSTOM"; ADVANCED: "ADVANCED"; INTEGRATION: "INTEGRATION"; }'.
__tests__/modules/marketplace/tools.test.ts(223,28): error TS2339: Property 'GROWTH' does not exist on type '{ T1: "T1"; T2: "T2"; T3: "T3"; }'.
__tests__/modules/marketplace/tools.test.ts(230,52): error TS2345: Argument of type '{ search: string; }' is not assignable to parameter of type '{ is_active: boolean; sort_order: "desc" | "asc"; limit: number; offset: number; search?: string | undefined; category?: "GROWTH" | "CUSTOM" | "ELITE" | "INTEGRATION" | "ADVANCED" | "FOUNDATION" | ("GROWTH" | ... 4 more ... | "FOUNDATION")[] | undefined; ... 4 more ...; price_max?: number | undefined; }'.
  Type '{ search: string; }' is missing the following properties from type '{ is_active: boolean; sort_order: "desc" | "asc"; limit: number; offset: number; search?: string | undefined; category?: "GROWTH" | "CUSTOM" | "ELITE" | "INTEGRATION" | "ADVANCED" | "FOUNDATION" | ("GROWTH" | ... 4 more ... | "FOUNDATION")[] | undefined; ... 4 more ...; price_max?: number | undefined; }': is_active, sort_order, limit, offset
__tests__/modules/marketplace/tools.test.ts(242,36): error TS2339: Property 'CRM' does not exist on type '{ FOUNDATION: "FOUNDATION"; GROWTH: "GROWTH"; ELITE: "ELITE"; CUSTOM: "CUSTOM"; ADVANCED: "ADVANCED"; INTEGRATION: "INTEGRATION"; }'.
__tests__/modules/marketplace/tools.test.ts(243,28): error TS2339: Property 'STARTER' does not exist on type '{ T1: "T1"; T2: "T2"; T3: "T3"; }'.
__tests__/modules/marketplace/tools.test.ts(251,36): error TS2339: Property 'CRM' does not exist on type '{ FOUNDATION: "FOUNDATION"; GROWTH: "GROWTH"; ELITE: "ELITE"; CUSTOM: "CUSTOM"; ADVANCED: "ADVANCED"; INTEGRATION: "INTEGRATION"; }'.
__tests__/modules/marketplace/tools.test.ts(252,28): error TS2339: Property 'STARTER' does not exist on type '{ T1: "T1"; T2: "T2"; T3: "T3"; }'.
__tests__/modules/marketplace/tools.test.ts(271,32): error TS2339: Property 'CRM' does not exist on type '{ FOUNDATION: "FOUNDATION"; GROWTH: "GROWTH"; ELITE: "ELITE"; CUSTOM: "CUSTOM"; ADVANCED: "ADVANCED"; INTEGRATION: "INTEGRATION"; }'.
__tests__/modules/marketplace/tools.test.ts(272,24): error TS2339: Property 'STARTER' does not exist on type '{ T1: "T1"; T2: "T2"; T3: "T3"; }'.
__tests__/modules/marketplace/tools.test.ts(279,51): error TS2345: Argument of type '{ limit: number; offset: number; }' is not assignable to parameter of type '{ is_active: boolean; sort_order: "desc" | "asc"; limit: number; offset: number; search?: string | undefined; category?: "GROWTH" | "CUSTOM" | "ELITE" | "INTEGRATION" | "ADVANCED" | "FOUNDATION" | ("GROWTH" | ... 4 more ... | "FOUNDATION")[] | undefined; ... 4 more ...; price_max?: number | undefined; }'.
  Type '{ limit: number; offset: number; }' is missing the following properties from type '{ is_active: boolean; sort_order: "desc" | "asc"; limit: number; offset: number; search?: string | undefined; category?: "GROWTH" | "CUSTOM" | "ELITE" | "INTEGRATION" | "ADVANCED" | "FOUNDATION" | ("GROWTH" | ... 4 more ... | "FOUNDATION")[] | undefined; ... 4 more ...; price_max?: number | undefined; }': is_active, sort_order
__tests__/modules/marketplace/tools.test.ts(280,52): error TS2345: Argument of type '{ limit: number; offset: number; }' is not assignable to parameter of type '{ is_active: boolean; sort_order: "desc" | "asc"; limit: number; offset: number; search?: string | undefined; category?: "GROWTH" | "CUSTOM" | "ELITE" | "INTEGRATION" | "ADVANCED" | "FOUNDATION" | ("GROWTH" | ... 4 more ... | "FOUNDATION")[] | undefined; ... 4 more ...; price_max?: number | undefined; }'.
  Type '{ limit: number; offset: number; }' is missing the following properties from type '{ is_active: boolean; sort_order: "desc" | "asc"; limit: number; offset: number; search?: string | undefined; category?: "GROWTH" | "CUSTOM" | "ELITE" | "INTEGRATION" | "ADVANCED" | "FOUNDATION" | ("GROWTH" | ... 4 more ... | "FOUNDATION")[] | undefined; ... 4 more ...; price_max?: number | undefined; }': is_active, sort_order
__tests__/modules/marketplace/tools.test.ts(296,34): error TS2339: Property 'CRM' does not exist on type '{ FOUNDATION: "FOUNDATION"; GROWTH: "GROWTH"; ELITE: "ELITE"; CUSTOM: "CUSTOM"; ADVANCED: "ADVANCED"; INTEGRATION: "INTEGRATION"; }'.
__tests__/modules/marketplace/tools.test.ts(297,26): error TS2339: Property 'STARTER' does not exist on type '{ T1: "T1"; T2: "T2"; T3: "T3"; }'.
__tests__/modules/marketplace/tools.test.ts(332,22): error TS2339: Property 'mockResolvedValue' does not exist on type '() => Promise<UserWithOrganization | null>'.
__tests__/modules/marketplace/tools.test.ts(341,34): error TS2339: Property 'CRM' does not exist on type '{ FOUNDATION: "FOUNDATION"; GROWTH: "GROWTH"; ELITE: "ELITE"; CUSTOM: "CUSTOM"; ADVANCED: "ADVANCED"; INTEGRATION: "INTEGRATION"; }'.
__tests__/modules/marketplace/tools.test.ts(342,26): error TS2339: Property 'GROWTH' does not exist on type '{ T1: "T1"; T2: "T2"; T3: "T3"; }'.
__tests__/modules/marketplace/tools.test.ts(372,22): error TS2339: Property 'mockResolvedValue' does not exist on type '() => Promise<UserWithOrganization | null>'.
__tests__/modules/marketplace/tools.test.ts(381,34): error TS2339: Property 'CRM' does not exist on type '{ FOUNDATION: "FOUNDATION"; GROWTH: "GROWTH"; ELITE: "ELITE"; CUSTOM: "CUSTOM"; ADVANCED: "ADVANCED"; INTEGRATION: "INTEGRATION"; }'.
__tests__/modules/marketplace/tools.test.ts(382,26): error TS2339: Property 'STARTER' does not exist on type '{ T1: "T1"; T2: "T2"; T3: "T3"; }'.
__tests__/modules/marketplace/tools.test.ts(407,22): error TS2339: Property 'mockResolvedValue' does not exist on type '() => Promise<UserWithOrganization | null>'.
__tests__/modules/marketplace/tools.test.ts(416,34): error TS2339: Property 'CRM' does not exist on type '{ FOUNDATION: "FOUNDATION"; GROWTH: "GROWTH"; ELITE: "ELITE"; CUSTOM: "CUSTOM"; ADVANCED: "ADVANCED"; INTEGRATION: "INTEGRATION"; }'.
__tests__/modules/marketplace/tools.test.ts(417,26): error TS2339: Property 'STARTER' does not exist on type '{ T1: "T1"; T2: "T2"; T3: "T3"; }'.
__tests__/modules/marketplace/tools.test.ts(448,22): error TS2339: Property 'mockResolvedValue' does not exist on type '() => Promise<UserWithOrganization | null>'.
__tests__/modules/marketplace/tools.test.ts(457,34): error TS2339: Property 'CRM' does not exist on type '{ FOUNDATION: "FOUNDATION"; GROWTH: "GROWTH"; ELITE: "ELITE"; CUSTOM: "CUSTOM"; ADVANCED: "ADVANCED"; INTEGRATION: "INTEGRATION"; }'.
__tests__/modules/marketplace/tools.test.ts(458,26): error TS2339: Property 'STARTER' does not exist on type '{ T1: "T1"; T2: "T2"; T3: "T3"; }'.
__tests__/modules/marketplace/tools.test.ts(472,22): error TS2339: Property 'mockResolvedValue' does not exist on type '() => Promise<UserWithOrganization | null>'.
__tests__/modules/marketplace/tools.test.ts(477,28): error TS2339: Property 'mockReturnValue' does not exist on type '(role: "USER" | "SUPER_ADMIN" | "ADMIN" | "MODERATOR") => boolean'.
__tests__/modules/marketplace/tools.test.ts(483,34): error TS2339: Property 'CRM' does not exist on type '{ FOUNDATION: "FOUNDATION"; GROWTH: "GROWTH"; ELITE: "ELITE"; CUSTOM: "CUSTOM"; ADVANCED: "ADVANCED"; INTEGRATION: "INTEGRATION"; }'.
__tests__/modules/marketplace/tools.test.ts(484,26): error TS2339: Property 'STARTER' does not exist on type '{ T1: "T1"; T2: "T2"; T3: "T3"; }'.
__tests__/modules/marketplace/tools.test.ts(495,28): error TS2339: Property 'mockReturnValue' does not exist on type '(role: "USER" | "SUPER_ADMIN" | "ADMIN" | "MODERATOR") => boolean'.
__tests__/modules/marketplace/tools.test.ts(496,24): error TS2339: Property 'mockReturnValue' does not exist on type '(role: "USER" | "SUPER_ADMIN" | "ADMIN" | "MODERATOR") => boolean'.
__tests__/modules/marketplace/tools.test.ts(508,22): error TS2339: Property 'mockResolvedValue' does not exist on type '() => Promise<UserWithOrganization | null>'.
__tests__/modules/marketplace/tools.test.ts(518,34): error TS2339: Property 'CRM' does not exist on type '{ FOUNDATION: "FOUNDATION"; GROWTH: "GROWTH"; ELITE: "ELITE"; CUSTOM: "CUSTOM"; ADVANCED: "ADVANCED"; INTEGRATION: "INTEGRATION"; }'.
__tests__/modules/marketplace/tools.test.ts(519,26): error TS2339: Property 'STARTER' does not exist on type '{ T1: "T1"; T2: "T2"; T3: "T3"; }'.
__tests__/modules/marketplace/tools.test.ts(529,34): error TS2339: Property 'ANALYTICS' does not exist on type '{ FOUNDATION: "FOUNDATION"; GROWTH: "GROWTH"; ELITE: "ELITE"; CUSTOM: "CUSTOM"; ADVANCED: "ADVANCED"; INTEGRATION: "INTEGRATION"; }'.
__tests__/modules/marketplace/tools.test.ts(530,26): error TS2339: Property 'GROWTH' does not exist on type '{ T1: "T1"; T2: "T2"; T3: "T3"; }'.
__tests__/modules/marketplace/tools.test.ts(566,22): error TS2339: Property 'mockResolvedValue' does not exist on type '() => Promise<UserWithOrganization | null>'.
__tests__/modules/marketplace/tools.test.ts(575,34): error TS2339: Property 'CRM' does not exist on type '{ FOUNDATION: "FOUNDATION"; GROWTH: "GROWTH"; ELITE: "ELITE"; CUSTOM: "CUSTOM"; ADVANCED: "ADVANCED"; INTEGRATION: "INTEGRATION"; }'.
__tests__/modules/marketplace/tools.test.ts(576,26): error TS2339: Property 'STARTER' does not exist on type '{ T1: "T1"; T2: "T2"; T3: "T3"; }'.
__tests__/modules/marketplace/tools.test.ts(612,22): error TS2339: Property 'mockResolvedValue' does not exist on type '() => Promise<UserWithOrganization | null>'.
__tests__/modules/marketplace/tools.test.ts(621,34): error TS2339: Property 'CRM' does not exist on type '{ FOUNDATION: "FOUNDATION"; GROWTH: "GROWTH"; ELITE: "ELITE"; CUSTOM: "CUSTOM"; ADVANCED: "ADVANCED"; INTEGRATION: "INTEGRATION"; }'.
__tests__/modules/marketplace/tools.test.ts(622,26): error TS2339: Property 'STARTER' does not exist on type '{ T1: "T1"; T2: "T2"; T3: "T3"; }'.
__tests__/modules/marketplace/tools.test.ts(649,22): error TS2339: Property 'mockResolvedValue' does not exist on type '() => Promise<UserWithOrganization | null>'.
__tests__/modules/marketplace/tools.test.ts(658,34): error TS2339: Property 'CRM' does not exist on type '{ FOUNDATION: "FOUNDATION"; GROWTH: "GROWTH"; ELITE: "ELITE"; CUSTOM: "CUSTOM"; ADVANCED: "ADVANCED"; INTEGRATION: "INTEGRATION"; }'.
__tests__/modules/marketplace/tools.test.ts(659,26): error TS2339: Property 'STARTER' does not exist on type '{ T1: "T1"; T2: "T2"; T3: "T3"; }'.
__tests__/modules/marketplace/tools.test.ts(685,22): error TS2339: Property 'mockResolvedValue' does not exist on type '() => Promise<UserWithOrganization | null>'.
__tests__/modules/marketplace/tools.test.ts(694,34): error TS2339: Property 'CRM' does not exist on type '{ FOUNDATION: "FOUNDATION"; GROWTH: "GROWTH"; ELITE: "ELITE"; CUSTOM: "CUSTOM"; ADVANCED: "ADVANCED"; INTEGRATION: "INTEGRATION"; }'.
__tests__/modules/marketplace/tools.test.ts(695,26): error TS2339: Property 'STARTER' does not exist on type '{ T1: "T1"; T2: "T2"; T3: "T3"; }'.
__tests__/modules/marketplace/tools.test.ts(710,22): error TS2339: Property 'mockResolvedValue' does not exist on type '() => Promise<UserWithOrganization | null>'.
__tests__/modules/marketplace/tools.test.ts(719,34): error TS2339: Property 'CRM' does not exist on type '{ FOUNDATION: "FOUNDATION"; GROWTH: "GROWTH"; ELITE: "ELITE"; CUSTOM: "CUSTOM"; ADVANCED: "ADVANCED"; INTEGRATION: "INTEGRATION"; }'.
__tests__/modules/marketplace/tools.test.ts(720,26): error TS2339: Property 'STARTER' does not exist on type '{ T1: "T1"; T2: "T2"; T3: "T3"; }'.
__tests__/modules/marketplace/tools.test.ts(747,22): error TS2339: Property 'mockResolvedValue' does not exist on type '() => Promise<UserWithOrganization | null>'.
__tests__/modules/marketplace/tools.test.ts(756,34): error TS2339: Property 'CRM' does not exist on type '{ FOUNDATION: "FOUNDATION"; GROWTH: "GROWTH"; ELITE: "ELITE"; CUSTOM: "CUSTOM"; ADVANCED: "ADVANCED"; INTEGRATION: "INTEGRATION"; }'.
__tests__/modules/marketplace/tools.test.ts(757,26): error TS2339: Property 'STARTER' does not exist on type '{ T1: "T1"; T2: "T2"; T3: "T3"; }'.
__tests__/modules/onboarding/payment.test.ts(2,31): error TS2305: Module '"@/lib/modules/onboarding/payment"' has no exported member 'calculatePrice'.
__tests__/modules/signatures/queries.test.ts(177,55): error TS2345: Argument of type '{ loopId: string; page: number; limit: number; sortBy: string; sortOrder: string; }' is not assignable to parameter of type 'string'.
__tests__/modules/signatures/queries.test.ts(185,21): error TS2339: Property 'requests' does not exist on type 'PaginatedResult<any>'.
__tests__/modules/signatures/queries.test.ts(188,32): error TS2339: Property 'totalPages' does not exist on type '{ page: number; limit: number; total: number; pageCount: number; hasNextPage: boolean; hasPreviousPage: boolean; }'.
__tests__/modules/signatures/queries.test.ts(190,21): error TS2339: Property 'requests' does not exist on type 'PaginatedResult<any>'.
__tests__/modules/signatures/queries.test.ts(200,40): error TS2345: Argument of type '{ loopId: string; status: string; page: number; limit: number; sortBy: string; sortOrder: string; }' is not assignable to parameter of type 'string'.
__tests__/modules/signatures/queries.test.ts(224,36): error TS2345: Argument of type '{ loopId: string; page: number; limit: number; sortBy: string; sortOrder: string; }' is not assignable to parameter of type 'string'.
__tests__/security/reid-rbac.test.ts(48,28): error TS2345: Argument of type '{ globalRole: "CLIENT"; organizationRole: string; subscriptionTier: string; }' is not assignable to parameter of type '{ globalRole?: "ADMIN" | "SUPER_ADMIN" | "MODERATOR" | "USER" | undefined; role?: "ADMIN" | "SUPER_ADMIN" | "MODERATOR" | "USER" | undefined; organizationRole?: string | undefined; }'.
  Types of property 'globalRole' are incompatible.
    Type '"CLIENT"' is not assignable to type '"ADMIN" | "SUPER_ADMIN" | "MODERATOR" | "USER" | undefined'.
__tests__/security/reid-rbac.test.ts(258,37): error TS2559: Type '{ globalRole: "USER"; organizationRole: string; }' has no properties in common with type '{ subscriptionTier?: string | undefined; }'.
__tests__/security/reid-rbac.test.ts(259,31): error TS2559: Type '{ globalRole: "USER"; organizationRole: string; }' has no properties in common with type '{ subscriptionTier?: string | undefined; }'.
__tests__/unit/lib/modules/notifications/actions.test.ts(23,10): error TS2300: Duplicate identifier 'getCurrentUser'.
__tests__/unit/lib/modules/notifications/actions.test.ts(24,10): error TS2300: Duplicate identifier 'getCurrentUser'.
__tests__/unit/lib/modules/notifications/actions.test.ts(187,22): error TS2339: Property 'mockResolvedValue' does not exist on type '() => Promise<UserWithOrganization | null>'.
__tests__/unit/lib/modules/notifications/actions.test.ts(205,22): error TS2339: Property 'mockResolvedValueOnce' does not exist on type '() => Promise<UserWithOrganization | null>'.
__tests__/unit/lib/modules/notifications/actions.test.ts(232,22): error TS2339: Property 'mockResolvedValueOnce' does not exist on type '() => Promise<UserWithOrganization | null>'.
__tests__/unit/lib/modules/notifications/actions.test.ts(286,22): error TS2339: Property 'mockResolvedValueOnce' does not exist on type '() => Promise<UserWithOrganization | null>'.
__tests__/unit/lib/modules/notifications/actions.test.ts(338,22): error TS2339: Property 'mockResolvedValueOnce' does not exist on type '() => Promise<UserWithOrganization | null>'.
__tests__/unit/lib/modules/notifications/actions.test.ts(390,22): error TS2339: Property 'mockResolvedValueOnce' does not exist on type '() => Promise<UserWithOrganization | null>'.
__tests__/unit/lib/modules/notifications/actions.test.ts(433,22): error TS2339: Property 'mockResolvedValueOnce' does not exist on type '() => Promise<UserWithOrganization | null>'.
__tests__/unit/lib/modules/notifications/actions.test.ts(464,22): error TS2339: Property 'mockResolvedValueOnce' does not exist on type '() => Promise<UserWithOrganization | null>'.
__tests__/unit/lib/modules/notifications/actions.test.ts(499,22): error TS2339: Property 'mockResolvedValueOnce' does not exist on type '() => Promise<UserWithOrganization | null>'.
__tests__/utils/mock-factories.ts(36,5): error TS2561: Object literal may only specify known properties, but 'clerkUserId' does not exist in type 'Partial<{ id: string; name: string | null; created_at: Date; updated_at: Date; email: string; is_active: boolean; role: UserRole; clerk_user_id: string | null; avatar_url: string | null; subscription_tier: SubscriptionTier; }>'. Did you mean to write 'clerk_user_id'?
__tests__/utils/mock-factories.ts(60,5): error TS2561: Object literal may only specify known properties, but 'subscriptionStatus' does not exist in type 'Partial<{ id: string; name: string; created_at: Date; updated_at: Date; description: string | null; slug: string; settings: JsonValue; subscription_status: SubscriptionStatus; billing_email: string | null; }>'. Did you mean to write 'subscription_status'?
__tests__/utils/mock-factories.ts(74,5): error TS2561: Object literal may only specify known properties, but 'userId' does not exist in type 'Partial<{ id: string; user_id: string; organization_id: string; created_at: Date; role: OrgRole; permissions: JsonValue; joined_at: Date; }>'. Did you mean to write 'user_id'?
__tests__/utils/mock-factories.ts(90,5): error TS2561: Object literal may only specify known properties, but 'organizationId' does not exist in type 'Partial<{ id: string; name: string; status: CustomerStatus; organization_id: string; created_at: Date; updated_at: Date; email: string | null; phone: string | null; ... 4 more ...; assigned_to: string | null; }>'. Did you mean to write 'organization_id'?
__tests__/utils/mock-factories.ts(122,5): error TS2322: Type 'number' is not assignable to type 'Decimal'.
__tests__/utils/mock-factories.ts(137,5): error TS2561: Object literal may only specify known properties, but 'projectId' does not exist in type 'Partial<{ id: string; status: TaskStatus; title: string; created_at: Date; updated_at: Date; tags: string[]; assigned_to: string | null; description: string | null; priority: Priority; ... 6 more ...; actual_hours: Decimal | null; }>'. Did you mean to write 'project_id'?
__tests__/utils/mock-factories.ts(161,5): error TS2561: Object literal may only specify known properties, but 'userId' does not exist in type 'Partial<{ id: string; user_id: string; organization_id: string; title: string; created_at: Date; updated_at: Date; type: NotificationType; entity_type: string | null; entity_id: string | null; message: string; action_url: string | null; read: boolean; }>'. Did you mean to write 'user_id'?
__tests__/utils/mock-factories.ts(182,5): error TS2561: Object literal may only specify known properties, but 'organizationId' does not exist in type 'Partial<{ id: string; organization_id: string; created_at: Date; updated_at: Date; entity_type: string; entity_id: string; file_name: string; file_size: number; mime_type: string; file_path: string; uploaded_by_id: string; }>'. Did you mean to write 'organization_id'?
__tests__/utils/mock-factories.ts(204,5): error TS2561: Object literal may only specify known properties, but 'userId' does not exist in type 'Partial<{ id: string; user_id: string; organization_id: string; title: string | null; context_type: AIContextType; context_id: string | null; ai_model: AIModel; conversation_data: JsonValue; usage_tokens: number; is_archived: boolean; created_at: Date; updated_at: Date; }>'. Did you mean to write 'user_id'?
__tests__/utils/mock-factories.ts(221,5): error TS2561: Object literal may only specify known properties, but 'organizationId' does not exist in type 'Partial<{ id: string; status: SubscriptionStatus; organization_id: string; created_at: Date; updated_at: Date; stripe_subscription_id: string | null; stripe_customer_id: string | null; ... 4 more ...; metadata: JsonValue; }>'. Did you mean to write 'organization_id'?
__tests__/utils/test-helpers.ts(146,7): error TS2561: Object literal may only specify known properties, but 'organizationId' does not exist in type '(Without<customersCreateInput, customersUncheckedCreateInput> & customersUncheckedCreateInput) | (Without<...> & customersCreateInput)'. Did you mean to write 'organization_id'?
app/real-estate/crm/analytics/page.tsx(65,11): error TS2322: Type '{ title: string; value: number; change: number; icon: ForwardRefExoticComponent<Omit<LucideProps, "ref"> & RefAttributes<SVGSVGElement>>; }' is not assignable to type 'IntrinsicAttributes & KPICardProps'.
  Property 'icon' does not exist on type 'IntrinsicAttributes & KPICardProps'.
app/real-estate/crm/analytics/page.tsx(71,11): error TS2322: Type '{ title: string; value: number; format: "currency"; icon: ForwardRefExoticComponent<Omit<LucideProps, "ref"> & RefAttributes<SVGSVGElement>>; }' is not assignable to type 'IntrinsicAttributes & KPICardProps'.
  Property 'icon' does not exist on type 'IntrinsicAttributes & KPICardProps'.
app/real-estate/crm/analytics/page.tsx(78,11): error TS2322: Type '{ title: string; value: number; change: number; format: "currency"; icon: ForwardRefExoticComponent<Omit<LucideProps, "ref"> & RefAttributes<SVGSVGElement>>; }' is not assignable to type 'IntrinsicAttributes & KPICardProps'.
  Property 'icon' does not exist on type 'IntrinsicAttributes & KPICardProps'.
app/real-estate/crm/analytics/page.tsx(84,11): error TS2322: Type '{ title: string; value: number; format: "percentage"; icon: ForwardRefExoticComponent<Omit<LucideProps, "ref"> & RefAttributes<SVGSVGElement>>; }' is not assignable to type 'IntrinsicAttributes & KPICardProps'.
  Property 'icon' does not exist on type 'IntrinsicAttributes & KPICardProps'.
app/real-estate/crm/analytics/page.tsx(101,27): error TS2322: Type '{ user: { id: string; name: string; email: string; avatar_url: null; }; metrics: { dealsWon: number; revenue: number; winRate: number; averageDealSize: number; }; }[] | AgentPerformance[]' is not assignable to type 'AgentPerformance[]'.
  Type '{ user: { id: string; name: string; email: string; avatar_url: null; }; metrics: { dealsWon: number; revenue: number; winRate: number; averageDealSize: number; }; }[]' is not assignable to type 'AgentPerformance[]'.
    Type '{ user: { id: string; name: string; email: string; avatar_url: null; }; metrics: { dealsWon: number; revenue: number; winRate: number; averageDealSize: number; }; }' is not assignable to type 'AgentPerformance'.
      Types of property 'metrics' are incompatible.
        Type '{ dealsWon: number; revenue: number; winRate: number; averageDealSize: number; }' is missing the following properties from type 'AgentMetrics': leads, contacts, dealsLost, activities
app/real-estate/crm/analytics/page.tsx(110,60): error TS2339: Property 'activeDealCount' does not exist on type '{ totalValue: number; activeDeals: number; averageDealSize: number; } | { activeDealCount: number; totalValue: number; avgDealValue: number; }'.
  Property 'activeDealCount' does not exist on type '{ totalValue: number; activeDeals: number; averageDealSize: number; }'.
app/real-estate/crm/analytics/page.tsx(115,35): error TS2339: Property 'avgDealValue' does not exist on type '{ totalValue: number; activeDeals: number; averageDealSize: number; } | { activeDealCount: number; totalValue: number; avgDealValue: number; }'.
  Property 'avgDealValue' does not exist on type '{ totalValue: number; activeDeals: number; averageDealSize: number; }'.
app/real-estate/crm/analytics/page.tsx(120,59): error TS2339: Property 'wonDeals' does not exist on type '{ thisMonth: number; lastMonth: number; change: number; } | { thisMonth: number; lastMonth: number; change: number; wonDeals: number; }'.
  Property 'wonDeals' does not exist on type '{ thisMonth: number; lastMonth: number; change: number; }'.
app/real-estate/crm/analytics/page.tsx(124,51): error TS2339: Property 'activitiesLast30Days' does not exist on type '{ leads: { new: number; total: number; change: number; }; pipeline: { totalValue: number; activeDeals: number; averageDealSize: number; }; revenue: { thisMonth: number; lastMonth: number; change: number; }; conversionRate: number; } | OverviewKPIs'.
  Property 'activitiesLast30Days' does not exist on type '{ leads: { new: number; total: number; change: number; }; pipeline: { totalValue: number; activeDeals: number; averageDealSize: number; }; revenue: { thisMonth: number; lastMonth: number; change: number; }; conversionRate: number; }'.
app/real-estate/crm/leads/[id]/page.tsx(78,25): error TS2339: Property 'company' does not exist on type '({ deals: ({ assigned_to: { id: string; name: string | null; } | null; } & { id: string; value: Decimal; status: DealStatus; organization_id: string; title: string; created_at: Date; ... 13 more ...; lost_reason: string | null; })[]; activities: ({ ...; } & { ...; })[]; assigned_to: { ...; } | null; } & { ...; }) | ...'.
  Property 'company' does not exist on type '{ assigned_to: { id: string; name: string; email: string; avatar_url: null; } | null; activities: never[]; deals: never[]; id: string; name: string; email: string; phone: string | null; source: string; ... 7 more ...; organization_id: string; }'.
app/real-estate/crm/leads/[id]/page.tsx(79,64): error TS2339: Property 'company' does not exist on type '({ deals: ({ assigned_to: { id: string; name: string | null; } | null; } & { id: string; value: Decimal; status: DealStatus; organization_id: string; title: string; created_at: Date; ... 13 more ...; lost_reason: string | null; })[]; activities: ({ ...; } & { ...; })[]; assigned_to: { ...; } | null; } & { ...; }) | ...'.
  Property 'company' does not exist on type '{ assigned_to: { id: string; name: string; email: string; avatar_url: null; } | null; activities: never[]; deals: never[]; id: string; name: string; email: string; phone: string | null; source: string; ... 7 more ...; organization_id: string; }'.
app/real-estate/crm/leads/[id]/page.tsx(85,21): error TS2322: Type '({ deals: ({ assigned_to: { id: string; name: string | null; } | null; } & { id: string; value: Decimal; status: DealStatus; organization_id: string; title: string; created_at: Date; ... 13 more ...; lost_reason: string | null; })[]; activities: ({ ...; } & { ...; })[]; assigned_to: { ...; } | null; } & { ...; }) | ...' is not assignable to type '{ id: string; name: string; status: LeadStatus; organization_id: string; created_at: Date; updated_at: Date; email: string | null; phone: string | null; company: string | null; ... 9 more ...; last_contact_at: Date | null; } | undefined'.
  Type '{ assigned_to: { id: string; name: string; email: string; avatar_url: null; } | null; activities: never[]; deals: never[]; id: string; name: string; email: string; phone: string | null; source: string; ... 7 more ...; organization_id: string; }' is missing the following properties from type '{ id: string; name: string; status: LeadStatus; organization_id: string; created_at: Date; updated_at: Date; email: string | null; phone: string | null; company: string | null; ... 9 more ...; last_contact_at: Date | null; }': company, tags, custom_fields, budget, and 3 more.
app/real-estate/crm/leads/[id]/page.tsx(129,23): error TS2339: Property 'company' does not exist on type '({ deals: ({ assigned_to: { id: string; name: string | null; } | null; } & { id: string; value: Decimal; status: DealStatus; organization_id: string; title: string; created_at: Date; ... 13 more ...; lost_reason: string | null; })[]; activities: ({ ...; } & { ...; })[]; assigned_to: { ...; } | null; } & { ...; }) | ...'.
  Property 'company' does not exist on type '{ assigned_to: { id: string; name: string; email: string; avatar_url: null; } | null; activities: never[]; deals: never[]; id: string; name: string; email: string; phone: string | null; source: string; ... 7 more ...; organization_id: string; }'.
app/real-estate/crm/leads/[id]/page.tsx(132,33): error TS2339: Property 'company' does not exist on type '({ deals: ({ assigned_to: { id: string; name: string | null; } | null; } & { id: string; value: Decimal; status: DealStatus; organization_id: string; title: string; created_at: Date; ... 13 more ...; lost_reason: string | null; })[]; activities: ({ ...; } & { ...; })[]; assigned_to: { ...; } | null; } & { ...; }) | ...'.
  Property 'company' does not exist on type '{ assigned_to: { id: string; name: string; email: string; avatar_url: null; } | null; activities: never[]; deals: never[]; id: string; name: string; email: string; phone: string | null; source: string; ... 7 more ...; organization_id: string; }'.
app/real-estate/crm/leads/[id]/page.tsx(170,48): error TS2339: Property 'score_value' does not exist on type '({ deals: ({ assigned_to: { id: string; name: string | null; } | null; } & { id: string; value: Decimal; status: DealStatus; organization_id: string; title: string; created_at: Date; ... 13 more ...; lost_reason: string | null; })[]; activities: ({ ...; } & { ...; })[]; assigned_to: { ...; } | null; } & { ...; }) | ...'.
  Property 'score_value' does not exist on type '{ assigned_to: { id: string; name: string; email: string; avatar_url: null; } | null; activities: never[]; deals: never[]; id: string; name: string; email: string; phone: string | null; source: string; ... 7 more ...; organization_id: string; }'.
app/real-estate/crm/leads/[id]/page.tsx(193,19): error TS2339: Property 'last_contact_at' does not exist on type '({ deals: ({ assigned_to: { id: string; name: string | null; } | null; } & { id: string; value: Decimal; status: DealStatus; organization_id: string; title: string; created_at: Date; ... 13 more ...; lost_reason: string | null; })[]; activities: ({ ...; } & { ...; })[]; assigned_to: { ...; } | null; } & { ...; }) | ...'.
  Property 'last_contact_at' does not exist on type '{ assigned_to: { id: string; name: string; email: string; avatar_url: null; } | null; activities: never[]; deals: never[]; id: string; name: string; email: string; phone: string | null; source: string; ... 7 more ...; organization_id: string; }'.
app/real-estate/crm/leads/[id]/page.tsx(200,41): error TS2339: Property 'last_contact_at' does not exist on type '({ deals: ({ assigned_to: { id: string; name: string | null; } | null; } & { id: string; value: Decimal; status: DealStatus; organization_id: string; title: string; created_at: Date; ... 13 more ...; lost_reason: string | null; })[]; activities: ({ ...; } & { ...; })[]; assigned_to: { ...; } | null; } & { ...; }) | ...'.
  Property 'last_contact_at' does not exist on type '{ assigned_to: { id: string; name: string; email: string; avatar_url: null; } | null; activities: never[]; deals: never[]; id: string; name: string; email: string; phone: string | null; source: string; ... 7 more ...; organization_id: string; }'.
app/real-estate/crm/leads/[id]/page.tsx(219,15): error TS2339: Property 'tags' does not exist on type '({ deals: ({ assigned_to: { id: string; name: string | null; } | null; } & { id: string; value: Decimal; status: DealStatus; organization_id: string; title: string; created_at: Date; ... 13 more ...; lost_reason: string | null; })[]; activities: ({ ...; } & { ...; })[]; assigned_to: { ...; } | null; } & { ...; }) | ...'.
  Property 'tags' does not exist on type '{ assigned_to: { id: string; name: string; email: string; avatar_url: null; } | null; activities: never[]; deals: never[]; id: string; name: string; email: string; phone: string | null; source: string; ... 7 more ...; organization_id: string; }'.
app/real-estate/crm/leads/[id]/page.tsx(219,28): error TS2339: Property 'tags' does not exist on type '({ deals: ({ assigned_to: { id: string; name: string | null; } | null; } & { id: string; value: Decimal; status: DealStatus; organization_id: string; title: string; created_at: Date; ... 13 more ...; lost_reason: string | null; })[]; activities: ({ ...; } & { ...; })[]; assigned_to: { ...; } | null; } & { ...; }) | ...'.
  Property 'tags' does not exist on type '{ assigned_to: { id: string; name: string; email: string; avatar_url: null; } | null; activities: never[]; deals: never[]; id: string; name: string; email: string; phone: string | null; source: string; ... 7 more ...; organization_id: string; }'.
app/real-estate/crm/leads/[id]/page.tsx(227,25): error TS2339: Property 'tags' does not exist on type '({ deals: ({ assigned_to: { id: string; name: string | null; } | null; } & { id: string; value: Decimal; status: DealStatus; organization_id: string; title: string; created_at: Date; ... 13 more ...; lost_reason: string | null; })[]; activities: ({ ...; } & { ...; })[]; assigned_to: { ...; } | null; } & { ...; }) | ...'.
  Property 'tags' does not exist on type '{ assigned_to: { id: string; name: string; email: string; avatar_url: null; } | null; activities: never[]; deals: never[]; id: string; name: string; email: string; phone: string | null; source: string; ... 7 more ...; organization_id: string; }'.
app/real-estate/crm/leads/[id]/page.tsx(227,35): error TS7006: Parameter 'tag' implicitly has an 'any' type.
app/real-estate/crm/leads/[id]/page.tsx(227,40): error TS7006: Parameter 'index' implicitly has an 'any' type.
app/real-estate/crm/leads/page.tsx(182,33): error TS2322: Type '({ assigned_to: { id: string; name: string | null; email: string; avatar_url: string | null; } | null; } & { id: string; name: string; status: LeadStatus; organization_id: string; ... 14 more ...; last_contact_at: Date | null; }) | { ...; }' is not assignable to type 'LeadWithAssignee'.
  Type '{ assigned_to: { id: string; name: string; email: string; avatar_url: null; } | null; id: string; name: string; email: string; phone: string | null; source: string; status: "NEW_LEAD" | "CONTACTED" | "QUALIFIED" | "LOST"; ... 6 more ...; organization_id: string; }' is not assignable to type 'LeadWithAssignee'.
    Type '{ assigned_to: { id: string; name: string; email: string; avatar_url: null; } | null; id: string; name: string; email: string; phone: string | null; source: string; status: "NEW_LEAD" | "QUALIFIED" | "LOST" | "CONTACTED"; ... 6 more ...; organization_id: string; }' is missing the following properties from type '{ id: string; name: string; status: LeadStatus; organization_id: string; created_at: Date; updated_at: Date; email: string | null; phone: string | null; company: string | null; ... 9 more ...; last_contact_at: Date | null; }': company, tags, custom_fields, budget, and 3 more.
app/real-estate/crm/leads/page.tsx(191,21): error TS2322: Type '({ assigned_to: { id: string; name: string | null; email: string; avatar_url: string | null; } | null; } & { id: string; name: string; status: LeadStatus; organization_id: string; ... 14 more ...; last_contact_at: Date | null; })[] | { ...; }[]' is not assignable to type 'LeadWithAssignee[]'.
  Type '{ assigned_to: { id: string; name: string; email: string; avatar_url: null; } | null; id: string; name: string; email: string; phone: string | null; source: string; status: "NEW_LEAD" | "QUALIFIED" | "LOST" | "CONTACTED"; ... 6 more ...; organization_id: string; }[]' is not assignable to type 'LeadWithAssignee[]'.
    Type '{ assigned_to: { id: string; name: string; email: string; avatar_url: null; } | null; id: string; name: string; email: string; phone: string | null; source: string; status: "NEW_LEAD" | "CONTACTED" | "QUALIFIED" | "LOST"; ... 6 more ...; organization_id: string; }' is not assignable to type 'LeadWithAssignee'.
      Type '{ assigned_to: { id: string; name: string; email: string; avatar_url: null; } | null; id: string; name: string; email: string; phone: string | null; source: string; status: "NEW_LEAD" | "QUALIFIED" | "LOST" | "CONTACTED"; ... 6 more ...; organization_id: string; }' is missing the following properties from type '{ id: string; name: string; status: LeadStatus; organization_id: string; created_at: Date; updated_at: Date; email: string | null; phone: string | null; company: string | null; ... 9 more ...; last_contact_at: Date | null; }': company, tags, custom_fields, budget, and 3 more.
app/real-estate/expense-tax/analytics/page.tsx(177,7): error TS2322: Type '{ id: string; name?: string | null | undefined; organization_members: { organization_id: string; }[]; }' is not assignable to type 'UserWithOrganization'.
  Type '{ id: string; name?: string | null | undefined; organization_members: { organization_id: string; }[]; }' is missing the following properties from type '{ id: string; name: string | null; created_at: Date; updated_at: Date; email: string; is_active: boolean; role: UserRole; clerk_user_id: string | null; avatar_url: string | null; subscription_tier: SubscriptionTier; }': created_at, updated_at, email, is_active, and 4 more.
app/real-estate/expense-tax/expense-tax-dashboard/page.tsx(149,7): error TS2322: Type '{ id: string; name?: string | null | undefined; organization_members: { organization_id: string; }[]; }' is not assignable to type 'UserWithOrganization'.
  Type '{ id: string; name?: string | null | undefined; organization_members: { organization_id: string; }[]; }' is missing the following properties from type '{ id: string; name: string | null; created_at: Date; updated_at: Date; email: string; is_active: boolean; role: UserRole; clerk_user_id: string | null; avatar_url: string | null; subscription_tier: SubscriptionTier; }': created_at, updated_at, email, is_active, and 4 more.
app/real-estate/expense-tax/reports/page.tsx(138,7): error TS2322: Type '{ id: string; name?: string | null | undefined; organization_members: { organization_id: string; }[]; }' is not assignable to type 'UserWithOrganization'.
  Type '{ id: string; name?: string | null | undefined; organization_members: { organization_id: string; }[]; }' is missing the following properties from type '{ id: string; name: string | null; created_at: Date; updated_at: Date; email: string; is_active: boolean; role: UserRole; clerk_user_id: string | null; avatar_url: string | null; subscription_tier: SubscriptionTier; }': created_at, updated_at, email, is_active, and 4 more.
app/real-estate/marketplace/bundles/[bundleId]/page.tsx(69,39): error TS7006: Parameter 'p' implicitly has an 'any' type.
app/real-estate/marketplace/bundles/[bundleId]/page.tsx(81,40): error TS7006: Parameter 'sum' implicitly has an 'any' type.
app/real-estate/marketplace/bundles/[bundleId]/page.tsx(81,45): error TS7006: Parameter 'item' implicitly has an 'any' type.
app/real-estate/marketplace/bundles/[bundleId]/page.tsx(143,33): error TS7006: Parameter 'bundleTool' implicitly has an 'any' type.
app/real-estate/marketplace/bundles/[bundleId]/page.tsx(143,45): error TS7006: Parameter 'index' implicitly has an 'any' type.
app/settings/organization/page.tsx(13,22): error TS2339: Property 'organization_id' does not exist on type 'UserWithOrganization'.
app/settings/organization/page.tsx(17,51): error TS2339: Property 'organization_id' does not exist on type 'UserWithOrganization'.
app/settings/team/page.tsx(23,22): error TS2339: Property 'organization_id' does not exist on type 'UserWithOrganization'.
app/settings/team/page.tsx(28,26): error TS2339: Property 'organization_id' does not exist on type 'UserWithOrganization'.
app/settings/team/page.tsx(29,33): error TS2339: Property 'organization_id' does not exist on type 'UserWithOrganization'.
app/settings/team/page.tsx(30,31): error TS2339: Property 'organization_id' does not exist on type 'UserWithOrganization'.
app/settings/team/page.tsx(84,29): error TS7006: Parameter 'member' implicitly has an 'any' type.
components/layouts/admin-layout.tsx(3,33): error TS2307: Cannot find module '../shared/navigation/sidebar-nav' or its corresponding type declarations.
components/layouts/admin-layout.tsx(19,52): error TS7006: Parameter 'item' implicitly has an 'any' type.
components/layouts/base-platform-layout.tsx(2,28): error TS2307: Cannot find module '../shared/navigation/sidebar-nav' or its corresponding type declarations.
components/layouts/base-platform-layout.tsx(3,38): error TS2307: Cannot find module '../shared/navigation/sidebar-nav' or its corresponding type declarations.
components/layouts/employee-layout.tsx(3,33): error TS2307: Cannot find module '../shared/navigation/sidebar-nav' or its corresponding type declarations.
components/layouts/employee-layout.tsx(19,52): error TS7006: Parameter 'item' implicitly has an 'any' type.
components/real-estate/marketplace/bundles/BundleGrid.tsx(16,53): error TS7006: Parameter 'p' implicitly has an 'any' type.
components/real-estate/marketplace/grid/MarketplaceGrid.tsx(34,51): error TS7006: Parameter 'p' implicitly has an 'any' type.
components/real-estate/workspace/task-create-dialog.tsx(81,19): error TS7006: Parameter 'p' implicitly has an 'any' type.
components/shared/layouts/platform-layout.tsx(2,45): error TS2307: Cannot find module '@/components/shared/navigation/sidebar-nav' or its corresponding type declarations.
components/shared/navigation/index.ts(1,45): error TS2307: Cannot find module './sidebar-nav' or its corresponding type declarations.
lib/data/providers/leads-provider.ts(45,11): error TS2339: Property 'company' does not exist on type '{ assigned_to: { id: string; name: string; email: string; avatar_url: null; } | null; id: string; name: string; email: string; phone: string | null; source: string; status: "NEW_LEAD" | "QUALIFIED" | "LOST" | "CONTACTED"; ... 6 more ...; organization_id: string; }'.
lib/data/providers/reid-provider.ts(653,57): error TS18048: 'filters.min_score' is possibly 'undefined'.
lib/database/monitoring.ts(226,24): error TS7006: Parameter 'row' implicitly has an 'any' type.
lib/database/monitoring.ts(302,24): error TS7006: Parameter 'row' implicitly has an 'any' type.
lib/database/monitoring.ts(358,24): error TS7006: Parameter 'row' implicitly has an 'any' type.
lib/database/prisma.ts(212,3): error TS2578: Unused '@ts-expect-error' directive.
lib/industries/_core/industry-router.ts(100,31): error TS7006: Parameter 'module' implicitly has an 'any' type.
lib/modules/activities/index.ts(19,141): error TS2554: Expected 2 arguments, but got 3.
lib/modules/admin/metrics.ts(92,50): error TS7006: Parameter 'acc' implicitly has an 'any' type.
lib/modules/admin/metrics.ts(92,55): error TS7006: Parameter 'sub' implicitly has an 'any' type.
lib/modules/ai-garage/templates/actions.ts(520,25): error TS7006: Parameter 'sum' implicitly has an 'any' type.
lib/modules/ai-garage/templates/actions.ts(520,30): error TS7006: Parameter 'r' implicitly has an 'any' type.
lib/modules/ai-garage/templates/queries.ts(406,36): error TS7006: Parameter 'sum' implicitly has an 'any' type.
lib/modules/ai-garage/templates/queries.ts(406,41): error TS7006: Parameter 'r' implicitly has an 'any' type.
lib/modules/ai-garage/templates/queries.ts(408,56): error TS7006: Parameter 'r' implicitly has an 'any' type.
lib/modules/analytics/forecasting.ts(192,33): error TS7006: Parameter 'stage' implicitly has an 'any' type.
lib/modules/analytics/index.ts(73,57): error TS2554: Expected 1 arguments, but got 0.
lib/modules/analytics/performance-metrics.ts(67,29): error TS7006: Parameter 'member' implicitly has an 'any' type.
lib/modules/analytics/performance-metrics.ts(298,28): error TS7006: Parameter 'activity' implicitly has an 'any' type.
lib/modules/analytics/pipeline-metrics.ts(88,30): error TS7006: Parameter 'group' implicitly has an 'any' type.
lib/modules/analytics/pipeline-metrics.ts(178,41): error TS7006: Parameter 'sum' implicitly has an 'any' type.
lib/modules/analytics/pipeline-metrics.ts(178,46): error TS7006: Parameter 'deal' implicitly has an 'any' type.
lib/modules/analytics/revenue-metrics.ts(103,23): error TS7006: Parameter 'deal' implicitly has an 'any' type.
lib/modules/appointments/index.ts(36,105): error TS2345: Argument of type 'string' is not assignable to parameter of type '"contact" | "lead" | "deal" | "listing"'.
lib/modules/appointments/index.ts(40,45): error TS2554: Expected 3 arguments, but got 0.
lib/modules/appointments/queries.ts(313,41): error TS7006: Parameter 'a' implicitly has an 'any' type.
lib/modules/appointments/queries.ts(314,41): error TS7006: Parameter 'a' implicitly has an 'any' type.
lib/modules/appointments/queries.ts(315,41): error TS7006: Parameter 'a' implicitly has an 'any' type.
lib/modules/appointments/queries.ts(316,41): error TS7006: Parameter 'a' implicitly has an 'any' type.
lib/modules/appointments/queries.ts(317,39): error TS7006: Parameter 'a' implicitly has an 'any' type.
lib/modules/appointments/queries.ts(319,41): error TS7006: Parameter 'a' implicitly has an 'any' type.
lib/modules/appointments/queries.ts(320,38): error TS7006: Parameter 'a' implicitly has an 'any' type.
lib/modules/appointments/queries.ts(321,41): error TS7006: Parameter 'a' implicitly has an 'any' type.
lib/modules/appointments/queries.ts(322,44): error TS7006: Parameter 'a' implicitly has an 'any' type.
lib/modules/appointments/queries.ts(323,43): error TS7006: Parameter 'a' implicitly has an 'any' type.
lib/modules/appointments/queries.ts(324,39): error TS7006: Parameter 'a' implicitly has an 'any' type.
lib/modules/compliance/checker.ts(73,19): error TS7006: Parameter 'loop' implicitly has an 'any' type.
lib/modules/content/analytics/campaign-analytics.ts(66,6): error TS7006: Parameter 'acc' implicitly has an 'any' type.
lib/modules/content/analytics/campaign-analytics.ts(66,11): error TS7006: Parameter 'campaign' implicitly has an 'any' type.
lib/modules/content/analytics/campaign-analytics.ts(134,6): error TS7006: Parameter 'acc' implicitly has an 'any' type.
lib/modules/content/analytics/campaign-analytics.ts(134,11): error TS7006: Parameter 'email' implicitly has an 'any' type.
lib/modules/content/analytics/campaign-analytics.ts(232,43): error TS7006: Parameter 'campaign' implicitly has an 'any' type.
lib/modules/content/analytics/campaign-analytics.ts(244,26): error TS7006: Parameter 'a' implicitly has an 'any' type.
lib/modules/content/analytics/campaign-analytics.ts(244,29): error TS7006: Parameter 'b' implicitly has an 'any' type.
lib/modules/content/analytics/content-analytics.ts(120,38): error TS7006: Parameter 'sum' implicitly has an 'any' type.
lib/modules/content/analytics/content-analytics.ts(120,43): error TS7006: Parameter 'item' implicitly has an 'any' type.
lib/modules/content/analytics/content-analytics.ts(121,39): error TS7006: Parameter 'sum' implicitly has an 'any' type.
lib/modules/content/analytics/content-analytics.ts(121,44): error TS7006: Parameter 'item' implicitly has an 'any' type.
lib/modules/content/analytics/content-analytics.ts(122,38): error TS7006: Parameter 'sum' implicitly has an 'any' type.
lib/modules/content/analytics/content-analytics.ts(122,43): error TS7006: Parameter 'item' implicitly has an 'any' type.
lib/modules/content/analytics/content-analytics.ts(123,41): error TS7006: Parameter 'sum' implicitly has an 'any' type.
lib/modules/content/analytics/content-analytics.ts(123,46): error TS7006: Parameter 'item' implicitly has an 'any' type.
lib/modules/content/analytics/content-analytics.ts(272,29): error TS7006: Parameter 'item' implicitly has an 'any' type.
lib/modules/content/campaigns/queries.ts(32,56): error TS2345: Argument of type '{ status?: "ACTIVE" | "PLANNING" | "COMPLETED" | "CANCELLED" | "DRAFT" | "PAUSED" | undefined; search?: string | undefined; type?: "CONTENT_MARKETING" | "EMAIL_MARKETING" | "SOCIAL_MEDIA" | ... 5 more ... | undefined; limit?: number | undefined; offset?: number | undefined; } | undefined' is not assignable to parameter of type 'CampaignFilters | undefined'.
  Type '{ status?: "ACTIVE" | "PLANNING" | "COMPLETED" | "CANCELLED" | "DRAFT" | "PAUSED" | undefined; search?: string | undefined; type?: "CONTENT_MARKETING" | "EMAIL_MARKETING" | "SOCIAL_MEDIA" | ... 5 more ... | undefined; limit?: number | undefined; offset?: number | undefined; }' is not assignable to type 'CampaignFilters'.
    Types of property 'type' are incompatible.
      Type '"CONTENT_MARKETING" | "EMAIL_MARKETING" | "SOCIAL_MEDIA" | "PAID_ADVERTISING" | "SEO_CAMPAIGN" | "LEAD_GENERATION" | "BRAND_AWARENESS" | "PRODUCT_LAUNCH" | undefined' is not assignable to type '"SOCIAL" | "EMAIL" | "SMS" | "MULTI_CHANNEL" | undefined'.
        Type '"CONTENT_MARKETING"' is not assignable to type '"SOCIAL" | "EMAIL" | "SMS" | "MULTI_CHANNEL" | undefined'.
lib/modules/content/content/queries.ts(59,54): error TS2345: Argument of type '{ limit: number; offset: number; status?: "SCHEDULED" | "DRAFT" | "REVIEW" | "APPROVED" | "PUBLISHED" | "ARCHIVED" | undefined; search?: string | undefined; tags?: string[] | undefined; type?: "PAGE" | ... 11 more ... | undefined; author_id?: string | undefined; category_id?: string | undefined; } | undefined' is not assignable to parameter of type 'ContentFilters | undefined'.
  Type '{ limit: number; offset: number; status?: "SCHEDULED" | "DRAFT" | "REVIEW" | "APPROVED" | "PUBLISHED" | "ARCHIVED" | undefined; search?: string | undefined; tags?: string[] | undefined; type?: "PAGE" | ... 11 more ... | undefined; author_id?: string | undefined; category_id?: string | undefined; }' is not assignable to type 'ContentFilters'.
    Types of property 'status' are incompatible.
      Type '"SCHEDULED" | "DRAFT" | "REVIEW" | "APPROVED" | "PUBLISHED" | "ARCHIVED" | undefined' is not assignable to type '"SCHEDULED" | "DRAFT" | "PUBLISHED" | "ARCHIVED" | undefined'.
        Type '"REVIEW"' is not assignable to type '"SCHEDULED" | "DRAFT" | "PUBLISHED" | "ARCHIVED" | undefined'.
lib/modules/content/media/queries.ts(184,20): error TS7006: Parameter 'folder' implicitly has an 'any' type.
lib/modules/content/media/queries.ts(189,20): error TS7006: Parameter 'folder' implicitly has an 'any' type.
lib/modules/crm/core/actions.ts(77,6): error TS7006: Parameter 'm' implicitly has an 'any' type.
lib/modules/crm/core/actions.ts(195,6): error TS7006: Parameter 'm' implicitly has an 'any' type.
lib/modules/crm/core/actions.ts(313,6): error TS7006: Parameter 'm' implicitly has an 'any' type.
lib/modules/crm/deals/queries/pipeline.ts(78,44): error TS7006: Parameter 'sum' implicitly has an 'any' type.
lib/modules/crm/deals/queries/pipeline.ts(78,49): error TS7006: Parameter 'deal' implicitly has an 'any' type.
lib/modules/marketplace/actions.ts(62,46): error TS2551: Property 'findByToolId' does not exist on type '{ findMany(orgId: string): Promise<MockPurchase[]>; findById(id: string, orgId: string): Promise<MockPurchase | null>; create(data: { ...; }): Promise<...>; cancel(id: string, orgId: string): Promise<...>; hasAccess(toolId: string, orgId: string): Promise<...>; }'. Did you mean 'findById'?
lib/modules/marketplace/actions.ts(68,53): error TS2345: Argument of type '{ toolId: string; orgId: string; userId: string; }' is not assignable to parameter of type '{ toolId: string; orgId: string; userId: string; price: number; status?: "ACTIVE" | "CANCELLED" | "EXPIRED" | "TRIAL" | undefined; }'.
  Property 'price' is missing in type '{ toolId: string; orgId: string; userId: string; }' but required in type '{ toolId: string; orgId: string; userId: string; price: number; status?: "ACTIVE" | "CANCELLED" | "EXPIRED" | "TRIAL" | undefined; }'.
lib/modules/marketplace/queries.ts(51,9): error TS2322: Type '"INTEGRATION" | "CUSTOM" | "GROWTH" | "ELITE" | "FOUNDATION" | "ADVANCED" | ("INTEGRATION" | "CUSTOM" | "GROWTH" | "ELITE" | "FOUNDATION" | "ADVANCED")[] | undefined' is not assignable to type '("INTEGRATION" | "CUSTOM" | "GROWTH" | "ELITE" | "FOUNDATION" | "ADVANCED")[] | undefined'.
  Type 'string' is not assignable to type '("INTEGRATION" | "CUSTOM" | "GROWTH" | "ELITE" | "FOUNDATION" | "ADVANCED")[]'.
lib/modules/marketplace/queries.ts(52,9): error TS2322: Type '"T1" | "T2" | "T3" | ("T1" | "T2" | "T3")[] | undefined' is not assignable to type '("T1" | "T2" | "T3")[] | undefined'.
  Type 'string' is not assignable to type '("T1" | "T2" | "T3")[]'.
lib/modules/marketplace/queries.ts(193,47): error TS2339: Property 'organization_members' does not exist on type 'EnhancedUser'.
lib/modules/marketplace/queries.ts(239,47): error TS2339: Property 'organization_members' does not exist on type 'EnhancedUser'.
lib/modules/marketplace/queries.ts(243,46): error TS2551: Property 'findByToolId' does not exist on type '{ findMany(orgId: string): Promise<MockPurchase[]>; findById(id: string, orgId: string): Promise<MockPurchase | null>; create(data: { ...; }): Promise<...>; cancel(id: string, orgId: string): Promise<...>; hasAccess(toolId: string, orgId: string): Promise<...>; }'. Did you mean 'findById'?
lib/modules/marketplace/queries.ts(404,47): error TS2339: Property 'organization_members' does not exist on type 'EnhancedUser'.
lib/modules/marketplace/queries.ts(457,47): error TS2339: Property 'organization_members' does not exist on type 'EnhancedUser'.
lib/modules/marketplace/queries.ts(526,47): error TS2339: Property 'organization_members' does not exist on type 'EnhancedUser'.
lib/modules/marketplace/queries.ts(530,46): error TS2551: Property 'findByToolId' does not exist on type '{ findMany(orgId: string): Promise<MockPurchase[]>; findById(id: string, orgId: string): Promise<MockPurchase | null>; create(data: { ...; }): Promise<...>; cancel(id: string, orgId: string): Promise<...>; hasAccess(toolId: string, orgId: string): Promise<...>; }'. Did you mean 'findById'?
lib/modules/marketplace/reviews/actions.ts(50,35): error TS2339: Property 'organization_members' does not exist on type 'EnhancedUser'.
lib/modules/marketplace/reviews/actions.ts(75,9): error TS2322: Type 'string | null | undefined' is not assignable to type 'string | undefined'.
  Type 'null' is not assignable to type 'string | undefined'.
lib/modules/marketplace/reviews/queries.ts(71,9): error TS18048: 'filters' is possibly 'undefined'.
lib/modules/marketplace/reviews/queries.ts(367,13): error TS2339: Property 'organizationId' does not exist on type 'UserWithOrganization'.
lib/modules/reid/ai/actions.ts(128,37): error TS7006: Parameter 'i' implicitly has an 'any' type.
lib/modules/reid/ai/actions.ts(138,25): error TS7006: Parameter 'i' implicitly has an 'any' type.
lib/modules/reid/ai/actions.ts(220,25): error TS7006: Parameter 'i' implicitly has an 'any' type.
lib/modules/reid/alerts/queries.ts(98,39): error TS7006: Parameter 'a' implicitly has an 'any' type.
lib/modules/settings/organization/actions.ts(32,25): error TS2339: Property 'organization_id' does not exist on type 'UserWithOrganization'.
lib/modules/settings/organization/actions.ts(75,33): error TS2339: Property 'organization_id' does not exist on type 'UserWithOrganization'.
lib/modules/settings/organization/actions.ts(87,33): error TS2339: Property 'organization_id' does not exist on type 'UserWithOrganization'.
lib/modules/settings/organization/actions.ts(134,31): error TS2339: Property 'organization_id' does not exist on type 'UserWithOrganization'.
lib/modules/settings/organization/actions.ts(188,31): error TS2339: Property 'organization_id' does not exist on type 'UserWithOrganization'.
lib/modules/settings/organization/queries.ts(37,23): error TS7006: Parameter 'member' implicitly has an 'any' type.
lib/modules/tasks/bulk-actions.ts(295,34): error TS7006: Parameter 't' implicitly has an 'any' type.
lib/modules/transactions/activity/queries.ts(265,24): error TS7006: Parameter 'd' implicitly has an 'any' type.
lib/modules/transactions/activity/queries.ts(281,22): error TS7006: Parameter 'p' implicitly has an 'any' type.
lib/modules/transactions/activity/queries.ts(297,20): error TS7006: Parameter 't' implicitly has an 'any' type.
lib/modules/transactions/activity/queries.ts(313,25): error TS7006: Parameter 's' implicitly has an 'any' type.
lib/modules/transactions/analytics/queries.ts(159,56): error TS7006: Parameter 'sum' implicitly has an 'any' type.
lib/modules/transactions/analytics/queries.ts(159,61): error TS7006: Parameter 'loop' implicitly has an 'any' type.
lib/modules/transactions/analytics/queries.ts(196,3): error TS2322: Type '{ month: string; count: unknown; }[]' is not assignable to type 'LoopVelocityData[]'.
  Type '{ month: string; count: unknown; }' is not assignable to type 'LoopVelocityData'.
    Types of property 'count' are incompatible.
      Type 'unknown' is not assignable to type 'number'.
lib/modules/transactions/analytics/queries.ts(212,37): error TS7006: Parameter 'acc' implicitly has an 'any' type.
lib/modules/transactions/analytics/queries.ts(212,42): error TS7006: Parameter 'loop' implicitly has an 'any' type.
lib/modules/transactions/analytics/queries.ts(247,25): error TS7006: Parameter 'item' implicitly has an 'any' type.
lib/modules/transactions/analytics/queries.ts(270,25): error TS7006: Parameter 'item' implicitly has an 'any' type.
lib/modules/transactions/documents/queries.ts(318,21): error TS7006: Parameter 'doc' implicitly has an 'any' type.
lib/modules/transactions/milestones/calculator.ts(65,5): error TS7006: Parameter 't' implicitly has an 'any' type.
lib/modules/transactions/milestones/calculator.ts(83,7): error TS7006: Parameter 's' implicitly has an 'any' type.
lib/modules/transactions/signatures/actions.ts(185,54): error TS7006: Parameter 'signature' implicitly has an 'any' type.
lib/modules/transactions/signatures/actions.ts(363,42): error TS7006: Parameter 'sig' implicitly has an 'any' type.
lib/modules/transactions/signatures/queries.ts(184,25): error TS7006: Parameter 'request' implicitly has an 'any' type.
lib/modules/transactions/signatures/queries.ts(194,31): error TS7006: Parameter 'stat' implicitly has an 'any' type.
lib/modules/transactions/signatures/queries.ts(410,25): error TS7006: Parameter 'stat' implicitly has an 'any' type.
lib/modules/transactions/signatures/queries.ts(415,46): error TS7006: Parameter 'sum' implicitly has an 'any' type.
lib/modules/transactions/signatures/queries.ts(415,51): error TS7006: Parameter 'stat' implicitly has an 'any' type.
lib/modules/transactions/workflows/actions.ts(182,39): error TS7006: Parameter 'p' implicitly has an 'any' type.
lib/security/content-audit.ts(92,30): error TS2347: Untyped function calls may not accept type arguments.
scripts/test-notifications.ts(84,21): error TS7006: Parameter 'n' implicitly has an 'any' type.
scripts/test-notifications.ts(84,24): error TS7006: Parameter 'i' implicitly has an 'any' type.
scripts/test-rls.ts(68,55): error TS7006: Parameter 'c' implicitly has an 'any' type.
scripts/test-rls.ts(69,42): error TS7006: Parameter 'c' implicitly has an 'any' type.
scripts/test-rls.ts(96,53): error TS7006: Parameter 'p' implicitly has an 'any' type.
scripts/test-rls.ts(97,48): error TS7006: Parameter 'p' implicitly has an 'any' type.
scripts/test-rls.ts(113,34): error TS7006: Parameter 'p' implicitly has an 'any' type.
scripts/test-rls.ts(121,34): error TS7006: Parameter 'p' implicitly has an 'any' type.
scripts/test-rls.ts(129,49): error TS7006: Parameter 't' implicitly has an 'any' type.
scripts/test-rls.ts(130,44): error TS7006: Parameter 't' implicitly has an 'any' type.
scripts/test-rls.ts(159,61): error TS7006: Parameter 'n' implicitly has an 'any' type.
scripts/test-rls.ts(160,55): error TS7006: Parameter 'n' implicitly has an 'any' type.
scripts/test-rls.ts(191,53): error TS7006: Parameter 'c' implicitly has an 'any' type.
scripts/test-rls.ts(192,47): error TS7006: Parameter 'c' implicitly has an 'any' type.
